[01:11:03] [Thread-11/WARN]: java.io.NotSerializableException: org.bukkit.craftbukkit.attribute.CraftAttribute
[01:11:03] [Thread-11/WARN]: 	at java.base/java.io.ObjectOutputStream.writeObject0(Unknown Source)
[01:11:03] [Thread-11/WARN]: 	at java.base/java.io.ObjectOutputStream.writeObject(Unknown Source)
[01:11:03] [Thread-11/WARN]: 	at java.base/java.util.ArrayList.writeObject(Unknown Source)
[01:11:03] [Thread-11/WARN]: 	at java.base/jdk.internal.reflect.DirectMethodHandleAccessor.invoke(Unknown Source)
[01:11:03] [Thread-11/WARN]: 	at java.base/java.lang.reflect.Method.invoke(Unknown Source)
[01:11:03] [Thread-11/WARN]: 	at java.base/java.io.ObjectStreamClass.invokeWriteObject(Unknown Source)
[01:11:03] [Thread-11/WARN]: 	at java.base/java.io.ObjectOutputStream.writeSerialData(Unknown Source)
[01:11:03] [Thread-11/WARN]: 	at java.base/java.io.ObjectOutputStream.writeOrdinaryObject(Unknown Source)
[01:11:03] [Thread-11/WARN]: 	at java.base/java.io.ObjectOutputStream.writeObject0(Unknown Source)
[01:11:03] [Thread-11/WARN]: 	at java.base/java.io.ObjectOutputStream.writeObject(Unknown Source)
[01:11:03] [Thread-11/WARN]: 	at java.base/java.util.ArrayList.writeObject(Unknown Source)
[01:11:03] [Thread-11/WARN]: 	at java.base/jdk.internal.reflect.DirectMethodHandleAccessor.invoke(Unknown Source)
[01:11:03] [Thread-11/WARN]: 	at java.base/java.lang.reflect.Method.invoke(Unknown Source)
[01:11:03] [Thread-11/WARN]: 	at java.base/java.io.ObjectStreamClass.invokeWriteObject(Unknown Source)
[01:11:03] [Thread-11/WARN]: 	at java.base/java.io.ObjectOutputStream.writeSerialData(Unknown Source)
[01:11:03] [Thread-11/WARN]: 	at java.base/java.io.ObjectOutputStream.writeOrdinaryObject(Unknown Source)
[01:11:03] [Thread-11/WARN]: 	at java.base/java.io.ObjectOutputStream.writeObject0(Unknown Source)
[01:11:03] [Thread-11/WARN]: 	at java.base/java.io.ObjectOutputStream.writeObject(Unknown Source)
[01:11:03] [Thread-11/WARN]: 	at java.base/java.util.ArrayList.writeObject(Unknown Source)
[01:11:03] [Thread-11/WARN]: 	at java.base/jdk.internal.reflect.DirectMethodHandleAccessor.invoke(Unknown Source)
[01:11:03] [Thread-11/WARN]: 	at java.base/java.lang.reflect.Method.invoke(Unknown Source)
[01:11:03] [Thread-11/WARN]: 	at java.base/java.io.ObjectStreamClass.invokeWriteObject(Unknown Source)
[01:11:03] [Thread-11/WARN]: 	at java.base/java.io.ObjectOutputStream.writeSerialData(Unknown Source)
[01:11:03] [Thread-11/WARN]: 	at java.base/java.io.ObjectOutputStream.writeOrdinaryObject(Unknown Source)
[01:11:03] [Thread-11/WARN]: 	at java.base/java.io.ObjectOutputStream.writeObject0(Unknown Source)
[01:11:03] [Thread-11/WARN]: 	at java.base/java.io.ObjectOutputStream.writeObject(Unknown Source)
[01:11:03] [Thread-11/WARN]: 	at CoreProtect-22.4.jar//net.coreprotect.database.statement.EntityStatement.insert(EntityStatement.java:27)
[01:11:03] [Thread-11/WARN]: 	at CoreProtect-22.4.jar//net.coreprotect.database.logger.EntityKillLogger.log(EntityKillLogger.java:49)
[01:11:03] [Thread-11/WARN]: 	at CoreProtect-22.4.jar//net.coreprotect.consumer.process.EntityKillProcess.process(EntityKillProcess.java:24)
[01:11:03] [Thread-11/WARN]: 	at CoreProtect-22.4.jar//net.coreprotect.consumer.process.Process.processConsumer(Process.java:205)
[01:11:03] [Thread-11/WARN]: 	at CoreProtect-22.4.jar//net.coreprotect.consumer.Consumer.run(Consumer.java:133)
[01:11:03] [Thread-11/WARN]: 	at java.base/java.lang.Thread.run(Unknown Source)
[01:11:03] [Thread-11/WARN]: java.lang.NullPointerException: Cannot invoke "java.sql.ResultSet.next()" because "resultSet" is null
[01:11:03] [Thread-11/WARN]: 	at CoreProtect-22.4.jar//net.coreprotect.database.logger.EntityKillLogger.log(EntityKillLogger.java:51)
[01:11:03] [Thread-11/WARN]: 	at CoreProtect-22.4.jar//net.coreprotect.consumer.process.EntityKillProcess.process(EntityKillProcess.java:24)
[01:11:03] [Thread-11/WARN]: 	at CoreProtect-22.4.jar//net.coreprotect.consumer.process.Process.processConsumer(Process.java:205)
[01:11:03] [Thread-11/WARN]: 	at CoreProtect-22.4.jar//net.coreprotect.consumer.Consumer.run(Consumer.java:133)
[01:11:03] [Thread-11/WARN]: 	at java.base/java.lang.Thread.run(Unknown Source)
[01:12:19] [Server thread/INFO]: Named entity WitherSkeleton['Skeletal Knight'/11580, uuid='29f2b99a-828d-4351-a7cc-e47870737b68', l='ServerLevel[world]', x=-14.50, y=-30.00, z=23.50, cpos=[-1, 1], tl=391, v=true] died: Skeletal Knight suffocated in a wall
[01:12:20] [Thread-11/WARN]: java.io.NotSerializableException: org.bukkit.craftbukkit.attribute.CraftAttribute
[01:12:20] [Thread-11/WARN]: 	at java.base/java.io.ObjectOutputStream.writeObject0(Unknown Source)
[01:12:20] [Thread-11/WARN]: 	at java.base/java.io.ObjectOutputStream.writeObject(Unknown Source)
[01:12:20] [Thread-11/WARN]: 	at java.base/java.util.ArrayList.writeObject(Unknown Source)
[01:12:20] [Thread-11/WARN]: 	at java.base/jdk.internal.reflect.DirectMethodHandleAccessor.invoke(Unknown Source)
[01:12:20] [Thread-11/WARN]: 	at java.base/java.lang.reflect.Method.invoke(Unknown Source)
[01:12:20] [Thread-11/WARN]: 	at java.base/java.io.ObjectStreamClass.invokeWriteObject(Unknown Source)
[01:12:20] [Thread-11/WARN]: 	at java.base/java.io.ObjectOutputStream.writeSerialData(Unknown Source)
[01:12:20] [Thread-11/WARN]: 	at java.base/java.io.ObjectOutputStream.writeOrdinaryObject(Unknown Source)
[01:12:20] [Thread-11/WARN]: 	at java.base/java.io.ObjectOutputStream.writeObject0(Unknown Source)
[01:12:20] [Thread-11/WARN]: 	at java.base/java.io.ObjectOutputStream.writeObject(Unknown Source)
[01:12:20] [Thread-11/WARN]: 	at java.base/java.util.ArrayList.writeObject(Unknown Source)
[01:12:20] [Thread-11/WARN]: 	at java.base/jdk.internal.reflect.DirectMethodHandleAccessor.invoke(Unknown Source)
[01:12:20] [Thread-11/WARN]: 	at java.base/java.lang.reflect.Method.invoke(Unknown Source)
[01:12:20] [Thread-11/WARN]: 	at java.base/java.io.ObjectStreamClass.invokeWriteObject(Unknown Source)
[01:12:20] [Thread-11/WARN]: 	at java.base/java.io.ObjectOutputStream.writeSerialData(Unknown Source)
[01:12:20] [Thread-11/WARN]: 	at java.base/java.io.ObjectOutputStream.writeOrdinaryObject(Unknown Source)
[01:12:20] [Thread-11/WARN]: 	at java.base/java.io.ObjectOutputStream.writeObject0(Unknown Source)
[01:12:20] [Thread-11/WARN]: 	at java.base/java.io.ObjectOutputStream.writeObject(Unknown Source)
[01:12:20] [Thread-11/WARN]: 	at java.base/java.util.ArrayList.writeObject(Unknown Source)
[01:12:20] [Thread-11/WARN]: 	at java.base/jdk.internal.reflect.DirectMethodHandleAccessor.invoke(Unknown Source)
[01:12:20] [Thread-11/WARN]: 	at java.base/java.lang.reflect.Method.invoke(Unknown Source)
[01:12:20] [Thread-11/WARN]: 	at java.base/java.io.ObjectStreamClass.invokeWriteObject(Unknown Source)
[01:12:20] [Thread-11/WARN]: 	at java.base/java.io.ObjectOutputStream.writeSerialData(Unknown Source)
[01:12:20] [Thread-11/WARN]: 	at java.base/java.io.ObjectOutputStream.writeOrdinaryObject(Unknown Source)
[01:12:20] [Thread-11/WARN]: 	at java.base/java.io.ObjectOutputStream.writeObject0(Unknown Source)
[01:12:20] [Thread-11/WARN]: 	at java.base/java.io.ObjectOutputStream.writeObject(Unknown Source)
[01:12:20] [Thread-11/WARN]: 	at CoreProtect-22.4.jar//net.coreprotect.database.statement.EntityStatement.insert(EntityStatement.java:27)
[01:12:20] [Thread-11/WARN]: 	at CoreProtect-22.4.jar//net.coreprotect.database.logger.EntityKillLogger.log(EntityKillLogger.java:49)
[01:12:20] [Thread-11/WARN]: 	at CoreProtect-22.4.jar//net.coreprotect.consumer.process.EntityKillProcess.process(EntityKillProcess.java:24)
[01:12:20] [Thread-11/WARN]: 	at CoreProtect-22.4.jar//net.coreprotect.consumer.process.Process.processConsumer(Process.java:205)
[01:12:20] [Thread-11/WARN]: 	at CoreProtect-22.4.jar//net.coreprotect.consumer.Consumer.run(Consumer.java:133)
[01:12:20] [Thread-11/WARN]: 	at java.base/java.lang.Thread.run(Unknown Source)
[01:12:20] [Thread-11/WARN]: java.lang.NullPointerException: Cannot invoke "java.sql.ResultSet.next()" because "resultSet" is null
[01:12:20] [Thread-11/WARN]: 	at CoreProtect-22.4.jar//net.coreprotect.database.logger.EntityKillLogger.log(EntityKillLogger.java:51)
[01:12:20] [Thread-11/WARN]: 	at CoreProtect-22.4.jar//net.coreprotect.consumer.process.EntityKillProcess.process(EntityKillProcess.java:24)
[01:12:20] [Thread-11/WARN]: 	at CoreProtect-22.4.jar//net.coreprotect.consumer.process.Process.processConsumer(Process.java:205)
[01:12:20] [Thread-11/WARN]: 	at CoreProtect-22.4.jar//net.coreprotect.consumer.Consumer.run(Consumer.java:133)
[01:12:20] [Thread-11/WARN]: 	at java.base/java.lang.Thread.run(Unknown Source)
[01:17:41] [Server thread/INFO]: Named entity WitherSkeleton['Skeletal Knight'/12205, uuid='14e80e79-5f23-4dcb-be8f-3f2e4a373319', l='ServerLevel[world]', x=27.50, y=-16.00, z=34.50, cpos=[1, 2], tl=391, v=true] died: Skeletal Knight suffocated in a wall
[01:17:42] [Thread-11/WARN]: java.io.NotSerializableException: org.bukkit.craftbukkit.attribute.CraftAttribute
[01:17:42] [Thread-11/WARN]: 	at java.base/java.io.ObjectOutputStream.writeObject0(Unknown Source)
[01:17:42] [Thread-11/WARN]: 	at java.base/java.io.ObjectOutputStream.writeObject(Unknown Source)
[01:17:42] [Thread-11/WARN]: 	at java.base/java.util.ArrayList.writeObject(Unknown Source)
[01:17:42] [Thread-11/WARN]: 	at java.base/jdk.internal.reflect.DirectMethodHandleAccessor.invoke(Unknown Source)
[01:17:42] [Thread-11/WARN]: 	at java.base/java.lang.reflect.Method.invoke(Unknown Source)
[01:17:42] [Thread-11/WARN]: 	at java.base/java.io.ObjectStreamClass.invokeWriteObject(Unknown Source)
[01:17:42] [Thread-11/WARN]: 	at java.base/java.io.ObjectOutputStream.writeSerialData(Unknown Source)
[01:17:42] [Thread-11/WARN]: 	at java.base/java.io.ObjectOutputStream.writeOrdinaryObject(Unknown Source)
[01:17:42] [Thread-11/WARN]: 	at java.base/java.io.ObjectOutputStream.writeObject0(Unknown Source)
[01:17:42] [Thread-11/WARN]: 	at java.base/java.io.ObjectOutputStream.writeObject(Unknown Source)
[01:17:42] [Thread-11/WARN]: 	at java.base/java.util.ArrayList.writeObject(Unknown Source)
[01:17:42] [Thread-11/WARN]: 	at java.base/jdk.internal.reflect.DirectMethodHandleAccessor.invoke(Unknown Source)
[01:17:42] [Thread-11/WARN]: 	at java.base/java.lang.reflect.Method.invoke(Unknown Source)
[01:17:42] [Thread-11/WARN]: 	at java.base/java.io.ObjectStreamClass.invokeWriteObject(Unknown Source)
[01:17:42] [Thread-11/WARN]: 	at java.base/java.io.ObjectOutputStream.writeSerialData(Unknown Source)
[01:17:42] [Thread-11/WARN]: 	at java.base/java.io.ObjectOutputStream.writeOrdinaryObject(Unknown Source)
[01:17:42] [Thread-11/WARN]: 	at java.base/java.io.ObjectOutputStream.writeObject0(Unknown Source)
[01:17:42] [Thread-11/WARN]: 	at java.base/java.io.ObjectOutputStream.writeObject(Unknown Source)
[01:17:42] [Thread-11/WARN]: 	at java.base/java.util.ArrayList.writeObject(Unknown Source)
[01:17:42] [Thread-11/WARN]: 	at java.base/jdk.internal.reflect.DirectMethodHandleAccessor.invoke(Unknown Source)
[01:17:42] [Thread-11/WARN]: 	at java.base/java.lang.reflect.Method.invoke(Unknown Source)
[01:17:42] [Thread-11/WARN]: 	at java.base/java.io.ObjectStreamClass.invokeWriteObject(Unknown Source)
[01:17:42] [Thread-11/WARN]: 	at java.base/java.io.ObjectOutputStream.writeSerialData(Unknown Source)
[01:17:42] [Thread-11/WARN]: 	at java.base/java.io.ObjectOutputStream.writeOrdinaryObject(Unknown Source)
[01:17:42] [Thread-11/WARN]: 	at java.base/java.io.ObjectOutputStream.writeObject0(Unknown Source)
[01:17:42] [Thread-11/WARN]: 	at java.base/java.io.ObjectOutputStream.writeObject(Unknown Source)
[01:17:42] [Thread-11/WARN]: 	at CoreProtect-22.4.jar//net.coreprotect.database.statement.EntityStatement.insert(EntityStatement.java:27)
[01:17:42] [Thread-11/WARN]: 	at CoreProtect-22.4.jar//net.coreprotect.database.logger.EntityKillLogger.log(EntityKillLogger.java:49)
[01:17:42] [Thread-11/WARN]: 	at CoreProtect-22.4.jar//net.coreprotect.consumer.process.EntityKillProcess.process(EntityKillProcess.java:24)
[01:17:42] [Thread-11/WARN]: 	at CoreProtect-22.4.jar//net.coreprotect.consumer.process.Process.processConsumer(Process.java:205)
[01:17:42] [Thread-11/WARN]: 	at CoreProtect-22.4.jar//net.coreprotect.consumer.Consumer.run(Consumer.java:133)
[01:17:42] [Thread-11/WARN]: 	at java.base/java.lang.Thread.run(Unknown Source)
[01:17:42] [Thread-11/WARN]: java.lang.NullPointerException: Cannot invoke "java.sql.ResultSet.next()" because "resultSet" is null
[01:17:42] [Thread-11/WARN]: 	at CoreProtect-22.4.jar//net.coreprotect.database.logger.EntityKillLogger.log(EntityKillLogger.java:51)
[01:17:42] [Thread-11/WARN]: 	at CoreProtect-22.4.jar//net.coreprotect.consumer.process.EntityKillProcess.process(EntityKillProcess.java:24)
[01:17:42] [Thread-11/WARN]: 	at CoreProtect-22.4.jar//net.coreprotect.consumer.process.Process.processConsumer(Process.java:205)
[01:17:42] [Thread-11/WARN]: 	at CoreProtect-22.4.jar//net.coreprotect.consumer.Consumer.run(Consumer.java:133)
[01:17:42] [Thread-11/WARN]: 	at java.base/java.lang.Thread.run(Unknown Source)
[01:21:01] [Thread-11/WARN]: java.io.NotSerializableException: org.bukkit.craftbukkit.attribute.CraftAttribute
[01:21:01] [Thread-11/WARN]: 	at java.base/java.io.ObjectOutputStream.writeObject0(Unknown Source)
[01:21:01] [Thread-11/WARN]: 	at java.base/java.io.ObjectOutputStream.writeObject(Unknown Source)
[01:21:01] [Thread-11/WARN]: 	at java.base/java.util.ArrayList.writeObject(Unknown Source)
[01:21:01] [Thread-11/WARN]: 	at java.base/jdk.internal.reflect.DirectMethodHandleAccessor.invoke(Unknown Source)
[01:21:01] [Thread-11/WARN]: 	at java.base/java.lang.reflect.Method.invoke(Unknown Source)
[01:21:01] [Thread-11/WARN]: 	at java.base/java.io.ObjectStreamClass.invokeWriteObject(Unknown Source)
[01:21:01] [Thread-11/WARN]: 	at java.base/java.io.ObjectOutputStream.writeSerialData(Unknown Source)
[01:21:01] [Thread-11/WARN]: 	at java.base/java.io.ObjectOutputStream.writeOrdinaryObject(Unknown Source)
[01:21:01] [Thread-11/WARN]: 	at java.base/java.io.ObjectOutputStream.writeObject0(Unknown Source)
[01:21:01] [Thread-11/WARN]: 	at java.base/java.io.ObjectOutputStream.writeObject(Unknown Source)
[01:21:01] [Thread-11/WARN]: 	at java.base/java.util.ArrayList.writeObject(Unknown Source)
[01:21:01] [Thread-11/WARN]: 	at java.base/jdk.internal.reflect.DirectMethodHandleAccessor.invoke(Unknown Source)
[01:21:01] [Thread-11/WARN]: 	at java.base/java.lang.reflect.Method.invoke(Unknown Source)
[01:21:01] [Thread-11/WARN]: 	at java.base/java.io.ObjectStreamClass.invokeWriteObject(Unknown Source)
[01:21:01] [Thread-11/WARN]: 	at java.base/java.io.ObjectOutputStream.writeSerialData(Unknown Source)
[01:21:01] [Thread-11/WARN]: 	at java.base/java.io.ObjectOutputStream.writeOrdinaryObject(Unknown Source)
[01:21:01] [Thread-11/WARN]: 	at java.base/java.io.ObjectOutputStream.writeObject0(Unknown Source)
[01:21:01] [Thread-11/WARN]: 	at java.base/java.io.ObjectOutputStream.writeObject(Unknown Source)
[01:21:01] [Thread-11/WARN]: 	at java.base/java.util.ArrayList.writeObject(Unknown Source)
[01:21:01] [Thread-11/WARN]: 	at java.base/jdk.internal.reflect.DirectMethodHandleAccessor.invoke(Unknown Source)
[01:21:01] [Thread-11/WARN]: 	at java.base/java.lang.reflect.Method.invoke(Unknown Source)
[01:21:01] [Thread-11/WARN]: 	at java.base/java.io.ObjectStreamClass.invokeWriteObject(Unknown Source)
[01:21:01] [Thread-11/WARN]: 	at java.base/java.io.ObjectOutputStream.writeSerialData(Unknown Source)
[01:21:01] [Thread-11/WARN]: 	at java.base/java.io.ObjectOutputStream.writeOrdinaryObject(Unknown Source)
[01:21:01] [Thread-11/WARN]: 	at java.base/java.io.ObjectOutputStream.writeObject0(Unknown Source)
[01:21:01] [Thread-11/WARN]: 	at java.base/java.io.ObjectOutputStream.writeObject(Unknown Source)
[01:21:01] [Thread-11/WARN]: 	at CoreProtect-22.4.jar//net.coreprotect.database.statement.EntityStatement.insert(EntityStatement.java:27)
[01:21:01] [Thread-11/WARN]: 	at CoreProtect-22.4.jar//net.coreprotect.database.logger.EntityKillLogger.log(EntityKillLogger.java:49)
[01:21:01] [Thread-11/WARN]: 	at CoreProtect-22.4.jar//net.coreprotect.consumer.process.EntityKillProcess.process(EntityKillProcess.java:24)
[01:21:01] [Thread-11/WARN]: 	at CoreProtect-22.4.jar//net.coreprotect.consumer.process.Process.processConsumer(Process.java:205)
[01:21:01] [Thread-11/WARN]: 	at CoreProtect-22.4.jar//net.coreprotect.consumer.Consumer.run(Consumer.java:133)
[01:21:01] [Thread-11/WARN]: 	at java.base/java.lang.Thread.run(Unknown Source)
[01:21:01] [Thread-11/WARN]: java.lang.NullPointerException: Cannot invoke "java.sql.ResultSet.next()" because "resultSet" is null
[01:21:01] [Thread-11/WARN]: 	at CoreProtect-22.4.jar//net.coreprotect.database.logger.EntityKillLogger.log(EntityKillLogger.java:51)
[01:21:01] [Thread-11/WARN]: 	at CoreProtect-22.4.jar//net.coreprotect.consumer.process.EntityKillProcess.process(EntityKillProcess.java:24)
[01:21:01] [Thread-11/WARN]: 	at CoreProtect-22.4.jar//net.coreprotect.consumer.process.Process.processConsumer(Process.java:205)
[01:21:01] [Thread-11/WARN]: 	at CoreProtect-22.4.jar//net.coreprotect.consumer.Consumer.run(Consumer.java:133)
[01:21:01] [Thread-11/WARN]: 	at java.base/java.lang.Thread.run(Unknown Source)
[01:33:49] [Thread-11/WARN]: java.io.NotSerializableException: org.bukkit.craftbukkit.attribute.CraftAttribute
[01:33:49] [Thread-11/WARN]: 	at java.base/java.io.ObjectOutputStream.writeObject0(Unknown Source)
[01:33:49] [Thread-11/WARN]: 	at java.base/java.io.ObjectOutputStream.writeObject(Unknown Source)
[01:33:49] [Thread-11/WARN]: 	at java.base/java.util.ArrayList.writeObject(Unknown Source)
[01:33:49] [Thread-11/WARN]: 	at java.base/jdk.internal.reflect.DirectMethodHandleAccessor.invoke(Unknown Source)
[01:33:49] [Thread-11/WARN]: 	at java.base/java.lang.reflect.Method.invoke(Unknown Source)
[01:33:49] [Thread-11/WARN]: 	at java.base/java.io.ObjectStreamClass.invokeWriteObject(Unknown Source)
[01:33:49] [Thread-11/WARN]: 	at java.base/java.io.ObjectOutputStream.writeSerialData(Unknown Source)
[01:33:49] [Thread-11/WARN]: 	at java.base/java.io.ObjectOutputStream.writeOrdinaryObject(Unknown Source)
[01:33:49] [Thread-11/WARN]: 	at java.base/java.io.ObjectOutputStream.writeObject0(Unknown Source)
[01:33:49] [Thread-11/WARN]: 	at java.base/java.io.ObjectOutputStream.writeObject(Unknown Source)
[01:33:49] [Thread-11/WARN]: 	at java.base/java.util.ArrayList.writeObject(Unknown Source)
[01:33:49] [Thread-11/WARN]: 	at java.base/jdk.internal.reflect.DirectMethodHandleAccessor.invoke(Unknown Source)
[01:33:49] [Thread-11/WARN]: 	at java.base/java.lang.reflect.Method.invoke(Unknown Source)
[01:33:49] [Thread-11/WARN]: 	at java.base/java.io.ObjectStreamClass.invokeWriteObject(Unknown Source)
[01:33:49] [Thread-11/WARN]: 	at java.base/java.io.ObjectOutputStream.writeSerialData(Unknown Source)
[01:33:49] [Thread-11/WARN]: 	at java.base/java.io.ObjectOutputStream.writeOrdinaryObject(Unknown Source)
[01:33:49] [Thread-11/WARN]: 	at java.base/java.io.ObjectOutputStream.writeObject0(Unknown Source)
[01:33:49] [Thread-11/WARN]: 	at java.base/java.io.ObjectOutputStream.writeObject(Unknown Source)
[01:33:49] [Thread-11/WARN]: 	at java.base/java.util.ArrayList.writeObject(Unknown Source)
[01:33:49] [Thread-11/WARN]: 	at java.base/jdk.internal.reflect.DirectMethodHandleAccessor.invoke(Unknown Source)
[01:33:49] [Thread-11/WARN]: 	at java.base/java.lang.reflect.Method.invoke(Unknown Source)
[01:33:49] [Thread-11/WARN]: 	at java.base/java.io.ObjectStreamClass.invokeWriteObject(Unknown Source)
[01:33:49] [Thread-11/WARN]: 	at java.base/java.io.ObjectOutputStream.writeSerialData(Unknown Source)
[01:33:49] [Thread-11/WARN]: 	at java.base/java.io.ObjectOutputStream.writeOrdinaryObject(Unknown Source)
[01:33:49] [Thread-11/WARN]: 	at java.base/java.io.ObjectOutputStream.writeObject0(Unknown Source)
[01:33:49] [Thread-11/WARN]: 	at java.base/java.io.ObjectOutputStream.writeObject(Unknown Source)
[01:33:49] [Thread-11/WARN]: 	at CoreProtect-22.4.jar//net.coreprotect.database.statement.EntityStatement.insert(EntityStatement.java:27)
[01:33:49] [Thread-11/WARN]: 	at CoreProtect-22.4.jar//net.coreprotect.database.logger.EntityKillLogger.log(EntityKillLogger.java:49)
[01:33:49] [Thread-11/WARN]: 	at CoreProtect-22.4.jar//net.coreprotect.consumer.process.EntityKillProcess.process(EntityKillProcess.java:24)
[01:33:49] [Thread-11/WARN]: 	at CoreProtect-22.4.jar//net.coreprotect.consumer.process.Process.processConsumer(Process.java:205)
[01:33:49] [Thread-11/WARN]: 	at CoreProtect-22.4.jar//net.coreprotect.consumer.Consumer.run(Consumer.java:133)
[01:33:49] [Thread-11/WARN]: 	at java.base/java.lang.Thread.run(Unknown Source)
[01:33:49] [Thread-11/WARN]: java.lang.NullPointerException: Cannot invoke "java.sql.ResultSet.next()" because "resultSet" is null
[01:33:49] [Thread-11/WARN]: 	at CoreProtect-22.4.jar//net.coreprotect.database.logger.EntityKillLogger.log(EntityKillLogger.java:51)
[01:33:49] [Thread-11/WARN]: 	at CoreProtect-22.4.jar//net.coreprotect.consumer.process.EntityKillProcess.process(EntityKillProcess.java:24)
[01:33:49] [Thread-11/WARN]: 	at CoreProtect-22.4.jar//net.coreprotect.consumer.process.Process.processConsumer(Process.java:205)
[01:33:49] [Thread-11/WARN]: 	at CoreProtect-22.4.jar//net.coreprotect.consumer.Consumer.run(Consumer.java:133)
[01:33:49] [Thread-11/WARN]: 	at java.base/java.lang.Thread.run(Unknown Source)
[01:34:09] [Thread-11/WARN]: java.io.NotSerializableException: org.bukkit.craftbukkit.attribute.CraftAttribute
[01:34:09] [Thread-11/WARN]: 	at java.base/java.io.ObjectOutputStream.writeObject0(Unknown Source)
[01:34:09] [Thread-11/WARN]: 	at java.base/java.io.ObjectOutputStream.writeObject(Unknown Source)
[01:34:09] [Thread-11/WARN]: 	at java.base/java.util.ArrayList.writeObject(Unknown Source)
[01:34:09] [Thread-11/WARN]: 	at java.base/jdk.internal.reflect.DirectMethodHandleAccessor.invoke(Unknown Source)
[01:34:09] [Thread-11/WARN]: 	at java.base/java.lang.reflect.Method.invoke(Unknown Source)
[01:34:09] [Thread-11/WARN]: 	at java.base/java.io.ObjectStreamClass.invokeWriteObject(Unknown Source)
[01:34:09] [Thread-11/WARN]: 	at java.base/java.io.ObjectOutputStream.writeSerialData(Unknown Source)
[01:34:09] [Thread-11/WARN]: 	at java.base/java.io.ObjectOutputStream.writeOrdinaryObject(Unknown Source)
[01:34:09] [Thread-11/WARN]: 	at java.base/java.io.ObjectOutputStream.writeObject0(Unknown Source)
[01:34:09] [Thread-11/WARN]: 	at java.base/java.io.ObjectOutputStream.writeObject(Unknown Source)
[01:34:09] [Thread-11/WARN]: 	at java.base/java.util.ArrayList.writeObject(Unknown Source)
[01:34:09] [Thread-11/WARN]: 	at java.base/jdk.internal.reflect.DirectMethodHandleAccessor.invoke(Unknown Source)
[01:34:09] [Thread-11/WARN]: 	at java.base/java.lang.reflect.Method.invoke(Unknown Source)
[01:34:09] [Thread-11/WARN]: 	at java.base/java.io.ObjectStreamClass.invokeWriteObject(Unknown Source)
[01:34:09] [Thread-11/WARN]: 	at java.base/java.io.ObjectOutputStream.writeSerialData(Unknown Source)
[01:34:09] [Thread-11/WARN]: 	at java.base/java.io.ObjectOutputStream.writeOrdinaryObject(Unknown Source)
[01:34:09] [Thread-11/WARN]: 	at java.base/java.io.ObjectOutputStream.writeObject0(Unknown Source)
[01:34:09] [Thread-11/WARN]: 	at java.base/java.io.ObjectOutputStream.writeObject(Unknown Source)
[01:34:09] [Thread-11/WARN]: 	at java.base/java.util.ArrayList.writeObject(Unknown Source)
[01:34:09] [Thread-11/WARN]: 	at java.base/jdk.internal.reflect.DirectMethodHandleAccessor.invoke(Unknown Source)
[01:34:09] [Thread-11/WARN]: 	at java.base/java.lang.reflect.Method.invoke(Unknown Source)
[01:34:09] [Thread-11/WARN]: 	at java.base/java.io.ObjectStreamClass.invokeWriteObject(Unknown Source)
[01:34:09] [Thread-11/WARN]: 	at java.base/java.io.ObjectOutputStream.writeSerialData(Unknown Source)
[01:34:09] [Thread-11/WARN]: 	at java.base/java.io.ObjectOutputStream.writeOrdinaryObject(Unknown Source)
[01:34:09] [Thread-11/WARN]: 	at java.base/java.io.ObjectOutputStream.writeObject0(Unknown Source)
[01:34:09] [Thread-11/WARN]: 	at java.base/java.io.ObjectOutputStream.writeObject(Unknown Source)
[01:34:09] [Thread-11/WARN]: 	at CoreProtect-22.4.jar//net.coreprotect.database.statement.EntityStatement.insert(EntityStatement.java:27)
[01:34:09] [Thread-11/WARN]: 	at CoreProtect-22.4.jar//net.coreprotect.database.logger.EntityKillLogger.log(EntityKillLogger.java:49)
[01:34:09] [Thread-11/WARN]: 	at CoreProtect-22.4.jar//net.coreprotect.consumer.process.EntityKillProcess.process(EntityKillProcess.java:24)
[01:34:09] [Thread-11/WARN]: 	at CoreProtect-22.4.jar//net.coreprotect.consumer.process.Process.processConsumer(Process.java:205)
[01:34:09] [Thread-11/WARN]: 	at CoreProtect-22.4.jar//net.coreprotect.consumer.Consumer.run(Consumer.java:133)
[01:34:09] [Thread-11/WARN]: 	at java.base/java.lang.Thread.run(Unknown Source)
[01:34:09] [Thread-11/WARN]: java.lang.NullPointerException: Cannot invoke "java.sql.ResultSet.next()" because "resultSet" is null
[01:34:09] [Thread-11/WARN]: 	at CoreProtect-22.4.jar//net.coreprotect.database.logger.EntityKillLogger.log(EntityKillLogger.java:51)
[01:34:09] [Thread-11/WARN]: 	at CoreProtect-22.4.jar//net.coreprotect.consumer.process.EntityKillProcess.process(EntityKillProcess.java:24)
[01:34:09] [Thread-11/WARN]: 	at CoreProtect-22.4.jar//net.coreprotect.consumer.process.Process.processConsumer(Process.java:205)
[01:34:09] [Thread-11/WARN]: 	at CoreProtect-22.4.jar//net.coreprotect.consumer.Consumer.run(Consumer.java:133)
[01:34:09] [Thread-11/WARN]: 	at java.base/java.lang.Thread.run(Unknown Source)
[01:48:28] [Thread-11/WARN]: java.io.NotSerializableException: org.bukkit.craftbukkit.attribute.CraftAttribute
[01:48:28] [Thread-11/WARN]: 	at java.base/java.io.ObjectOutputStream.writeObject0(Unknown Source)
[01:48:28] [Thread-11/WARN]: 	at java.base/java.io.ObjectOutputStream.writeObject(Unknown Source)
[01:48:28] [Thread-11/WARN]: 	at java.base/java.util.ArrayList.writeObject(Unknown Source)
[01:48:28] [Thread-11/WARN]: 	at java.base/jdk.internal.reflect.DirectMethodHandleAccessor.invoke(Unknown Source)
[01:48:28] [Thread-11/WARN]: 	at java.base/java.lang.reflect.Method.invoke(Unknown Source)
[01:48:28] [Thread-11/WARN]: 	at java.base/java.io.ObjectStreamClass.invokeWriteObject(Unknown Source)
[01:48:28] [Thread-11/WARN]: 	at java.base/java.io.ObjectOutputStream.writeSerialData(Unknown Source)
[01:48:28] [Thread-11/WARN]: 	at java.base/java.io.ObjectOutputStream.writeOrdinaryObject(Unknown Source)
[01:48:28] [Thread-11/WARN]: 	at java.base/java.io.ObjectOutputStream.writeObject0(Unknown Source)
[01:48:28] [Thread-11/WARN]: 	at java.base/java.io.ObjectOutputStream.writeObject(Unknown Source)
[01:48:28] [Thread-11/WARN]: 	at java.base/java.util.ArrayList.writeObject(Unknown Source)
[01:48:28] [Thread-11/WARN]: 	at java.base/jdk.internal.reflect.DirectMethodHandleAccessor.invoke(Unknown Source)
[01:48:28] [Thread-11/WARN]: 	at java.base/java.lang.reflect.Method.invoke(Unknown Source)
[01:48:28] [Thread-11/WARN]: 	at java.base/java.io.ObjectStreamClass.invokeWriteObject(Unknown Source)
[01:48:28] [Thread-11/WARN]: 	at java.base/java.io.ObjectOutputStream.writeSerialData(Unknown Source)
[01:48:28] [Thread-11/WARN]: 	at java.base/java.io.ObjectOutputStream.writeOrdinaryObject(Unknown Source)
[01:48:28] [Thread-11/WARN]: 	at java.base/java.io.ObjectOutputStream.writeObject0(Unknown Source)
[01:48:28] [Thread-11/WARN]: 	at java.base/java.io.ObjectOutputStream.writeObject(Unknown Source)
[01:48:28] [Thread-11/WARN]: 	at java.base/java.util.ArrayList.writeObject(Unknown Source)
[01:48:28] [Thread-11/WARN]: 	at java.base/jdk.internal.reflect.DirectMethodHandleAccessor.invoke(Unknown Source)
[01:48:28] [Thread-11/WARN]: 	at java.base/java.lang.reflect.Method.invoke(Unknown Source)
[01:48:28] [Thread-11/WARN]: 	at java.base/java.io.ObjectStreamClass.invokeWriteObject(Unknown Source)
[01:48:28] [Thread-11/WARN]: 	at java.base/java.io.ObjectOutputStream.writeSerialData(Unknown Source)
[01:48:28] [Thread-11/WARN]: 	at java.base/java.io.ObjectOutputStream.writeOrdinaryObject(Unknown Source)
[01:48:28] [Thread-11/WARN]: 	at java.base/java.io.ObjectOutputStream.writeObject0(Unknown Source)
[01:48:28] [Thread-11/WARN]: 	at java.base/java.io.ObjectOutputStream.writeObject(Unknown Source)
[01:48:28] [Thread-11/WARN]: 	at CoreProtect-22.4.jar//net.coreprotect.database.statement.EntityStatement.insert(EntityStatement.java:27)
[01:48:28] [Thread-11/WARN]: 	at CoreProtect-22.4.jar//net.coreprotect.database.logger.EntityKillLogger.log(EntityKillLogger.java:49)
[01:48:28] [Thread-11/WARN]: 	at CoreProtect-22.4.jar//net.coreprotect.consumer.process.EntityKillProcess.process(EntityKillProcess.java:24)
[01:48:28] [Thread-11/WARN]: 	at CoreProtect-22.4.jar//net.coreprotect.consumer.process.Process.processConsumer(Process.java:205)
[01:48:28] [Thread-11/WARN]: 	at CoreProtect-22.4.jar//net.coreprotect.consumer.Consumer.run(Consumer.java:133)
[01:48:28] [Thread-11/WARN]: 	at java.base/java.lang.Thread.run(Unknown Source)
[01:48:28] [Thread-11/WARN]: java.lang.NullPointerException: Cannot invoke "java.sql.ResultSet.next()" because "resultSet" is null
[01:48:28] [Thread-11/WARN]: 	at CoreProtect-22.4.jar//net.coreprotect.database.logger.EntityKillLogger.log(EntityKillLogger.java:51)
[01:48:28] [Thread-11/WARN]: 	at CoreProtect-22.4.jar//net.coreprotect.consumer.process.EntityKillProcess.process(EntityKillProcess.java:24)
[01:48:28] [Thread-11/WARN]: 	at CoreProtect-22.4.jar//net.coreprotect.consumer.process.Process.processConsumer(Process.java:205)
[01:48:28] [Thread-11/WARN]: 	at CoreProtect-22.4.jar//net.coreprotect.consumer.Consumer.run(Consumer.java:133)
[01:48:28] [Thread-11/WARN]: 	at java.base/java.lang.Thread.run(Unknown Source)
[01:55:04] [Thread-11/WARN]: java.io.NotSerializableException: org.bukkit.craftbukkit.attribute.CraftAttribute
[01:55:04] [Thread-11/WARN]: 	at java.base/java.io.ObjectOutputStream.writeObject0(Unknown Source)
[01:55:04] [Thread-11/WARN]: 	at java.base/java.io.ObjectOutputStream.writeObject(Unknown Source)
[01:55:04] [Thread-11/WARN]: 	at java.base/java.util.ArrayList.writeObject(Unknown Source)
[01:55:04] [Thread-11/WARN]: 	at java.base/jdk.internal.reflect.DirectMethodHandleAccessor.invoke(Unknown Source)
[01:55:04] [Thread-11/WARN]: 	at java.base/java.lang.reflect.Method.invoke(Unknown Source)
[01:55:04] [Thread-11/WARN]: 	at java.base/java.io.ObjectStreamClass.invokeWriteObject(Unknown Source)
[01:55:04] [Thread-11/WARN]: 	at java.base/java.io.ObjectOutputStream.writeSerialData(Unknown Source)
[01:55:04] [Thread-11/WARN]: 	at java.base/java.io.ObjectOutputStream.writeOrdinaryObject(Unknown Source)
[01:55:04] [Thread-11/WARN]: 	at java.base/java.io.ObjectOutputStream.writeObject0(Unknown Source)
[01:55:04] [Thread-11/WARN]: 	at java.base/java.io.ObjectOutputStream.writeObject(Unknown Source)
[01:55:04] [Thread-11/WARN]: 	at java.base/java.util.ArrayList.writeObject(Unknown Source)
[01:55:04] [Thread-11/WARN]: 	at java.base/jdk.internal.reflect.DirectMethodHandleAccessor.invoke(Unknown Source)
[01:55:04] [Thread-11/WARN]: 	at java.base/java.lang.reflect.Method.invoke(Unknown Source)
[01:55:04] [Thread-11/WARN]: 	at java.base/java.io.ObjectStreamClass.invokeWriteObject(Unknown Source)
[01:55:04] [Thread-11/WARN]: 	at java.base/java.io.ObjectOutputStream.writeSerialData(Unknown Source)
[01:55:04] [Thread-11/WARN]: 	at java.base/java.io.ObjectOutputStream.writeOrdinaryObject(Unknown Source)
[01:55:04] [Thread-11/WARN]: 	at java.base/java.io.ObjectOutputStream.writeObject0(Unknown Source)
[01:55:04] [Thread-11/WARN]: 	at java.base/java.io.ObjectOutputStream.writeObject(Unknown Source)
[01:55:04] [Thread-11/WARN]: 	at java.base/java.util.ArrayList.writeObject(Unknown Source)
[01:55:04] [Thread-11/WARN]: 	at java.base/jdk.internal.reflect.DirectMethodHandleAccessor.invoke(Unknown Source)
[01:55:04] [Thread-11/WARN]: 	at java.base/java.lang.reflect.Method.invoke(Unknown Source)
[01:55:04] [Thread-11/WARN]: 	at java.base/java.io.ObjectStreamClass.invokeWriteObject(Unknown Source)
[01:55:04] [Thread-11/WARN]: 	at java.base/java.io.ObjectOutputStream.writeSerialData(Unknown Source)
[01:55:04] [Thread-11/WARN]: 	at java.base/java.io.ObjectOutputStream.writeOrdinaryObject(Unknown Source)
[01:55:04] [Thread-11/WARN]: 	at java.base/java.io.ObjectOutputStream.writeObject0(Unknown Source)
[01:55:04] [Thread-11/WARN]: 	at java.base/java.io.ObjectOutputStream.writeObject(Unknown Source)
[01:55:04] [Thread-11/WARN]: 	at CoreProtect-22.4.jar//net.coreprotect.database.statement.EntityStatement.insert(EntityStatement.java:27)
[01:55:04] [Thread-11/WARN]: 	at CoreProtect-22.4.jar//net.coreprotect.database.logger.EntityKillLogger.log(EntityKillLogger.java:49)
[01:55:04] [Thread-11/WARN]: 	at CoreProtect-22.4.jar//net.coreprotect.consumer.process.EntityKillProcess.process(EntityKillProcess.java:24)
[01:55:04] [Thread-11/WARN]: 	at CoreProtect-22.4.jar//net.coreprotect.consumer.process.Process.processConsumer(Process.java:205)
[01:55:04] [Thread-11/WARN]: 	at CoreProtect-22.4.jar//net.coreprotect.consumer.Consumer.run(Consumer.java:133)
[01:55:04] [Thread-11/WARN]: 	at java.base/java.lang.Thread.run(Unknown Source)
[01:55:04] [Thread-11/WARN]: java.lang.NullPointerException: Cannot invoke "java.sql.ResultSet.next()" because "resultSet" is null
[01:55:04] [Thread-11/WARN]: 	at CoreProtect-22.4.jar//net.coreprotect.database.logger.EntityKillLogger.log(EntityKillLogger.java:51)
[01:55:04] [Thread-11/WARN]: 	at CoreProtect-22.4.jar//net.coreprotect.consumer.process.EntityKillProcess.process(EntityKillProcess.java:24)
[01:55:04] [Thread-11/WARN]: 	at CoreProtect-22.4.jar//net.coreprotect.consumer.process.Process.processConsumer(Process.java:205)
[01:55:04] [Thread-11/WARN]: 	at CoreProtect-22.4.jar//net.coreprotect.consumer.Consumer.run(Consumer.java:133)
[01:55:04] [Thread-11/WARN]: 	at java.base/java.lang.Thread.run(Unknown Source)
[01:57:38] [Server thread/INFO]: Named entity WitherSkeleton['Skeletal Knight'/16662, uuid='e0effb78-bf7c-4ad4-8727-d3ceab300acd', l='ServerLevel[world]', x=9.65, y=-7.00, z=-74.50, cpos=[0, -5], tl=418, v=true] died: Skeletal Knight suffocated in a wall
[01:57:39] [Thread-11/WARN]: java.io.NotSerializableException: org.bukkit.craftbukkit.attribute.CraftAttribute
[01:57:39] [Thread-11/WARN]: 	at java.base/java.io.ObjectOutputStream.writeObject0(Unknown Source)
[01:57:39] [Thread-11/WARN]: 	at java.base/java.io.ObjectOutputStream.writeObject(Unknown Source)
[01:57:39] [Thread-11/WARN]: 	at java.base/java.util.ArrayList.writeObject(Unknown Source)
[01:57:39] [Thread-11/WARN]: 	at java.base/jdk.internal.reflect.DirectMethodHandleAccessor.invoke(Unknown Source)
[01:57:39] [Thread-11/WARN]: 	at java.base/java.lang.reflect.Method.invoke(Unknown Source)
[01:57:39] [Thread-11/WARN]: 	at java.base/java.io.ObjectStreamClass.invokeWriteObject(Unknown Source)
[01:57:39] [Thread-11/WARN]: 	at java.base/java.io.ObjectOutputStream.writeSerialData(Unknown Source)
[01:57:39] [Thread-11/WARN]: 	at java.base/java.io.ObjectOutputStream.writeOrdinaryObject(Unknown Source)
[01:57:39] [Thread-11/WARN]: 	at java.base/java.io.ObjectOutputStream.writeObject0(Unknown Source)
[01:57:39] [Thread-11/WARN]: 	at java.base/java.io.ObjectOutputStream.writeObject(Unknown Source)
[01:57:39] [Thread-11/WARN]: 	at java.base/java.util.ArrayList.writeObject(Unknown Source)
[01:57:39] [Thread-11/WARN]: 	at java.base/jdk.internal.reflect.DirectMethodHandleAccessor.invoke(Unknown Source)
[01:57:39] [Thread-11/WARN]: 	at java.base/java.lang.reflect.Method.invoke(Unknown Source)
[01:57:39] [Thread-11/WARN]: 	at java.base/java.io.ObjectStreamClass.invokeWriteObject(Unknown Source)
[01:57:39] [Thread-11/WARN]: 	at java.base/java.io.ObjectOutputStream.writeSerialData(Unknown Source)
[01:57:39] [Thread-11/WARN]: 	at java.base/java.io.ObjectOutputStream.writeOrdinaryObject(Unknown Source)
[01:57:39] [Thread-11/WARN]: 	at java.base/java.io.ObjectOutputStream.writeObject0(Unknown Source)
[01:57:39] [Thread-11/WARN]: 	at java.base/java.io.ObjectOutputStream.writeObject(Unknown Source)
[01:57:39] [Thread-11/WARN]: 	at java.base/java.util.ArrayList.writeObject(Unknown Source)
[01:57:39] [Thread-11/WARN]: 	at java.base/jdk.internal.reflect.DirectMethodHandleAccessor.invoke(Unknown Source)
[01:57:39] [Thread-11/WARN]: 	at java.base/java.lang.reflect.Method.invoke(Unknown Source)
[01:57:39] [Thread-11/WARN]: 	at java.base/java.io.ObjectStreamClass.invokeWriteObject(Unknown Source)
[01:57:39] [Thread-11/WARN]: 	at java.base/java.io.ObjectOutputStream.writeSerialData(Unknown Source)
[01:57:39] [Thread-11/WARN]: 	at java.base/java.io.ObjectOutputStream.writeOrdinaryObject(Unknown Source)
[01:57:39] [Thread-11/WARN]: 	at java.base/java.io.ObjectOutputStream.writeObject0(Unknown Source)
[01:57:39] [Thread-11/WARN]: 	at java.base/java.io.ObjectOutputStream.writeObject(Unknown Source)
[01:57:39] [Thread-11/WARN]: 	at CoreProtect-22.4.jar//net.coreprotect.database.statement.EntityStatement.insert(EntityStatement.java:27)
[01:57:39] [Thread-11/WARN]: 	at CoreProtect-22.4.jar//net.coreprotect.database.logger.EntityKillLogger.log(EntityKillLogger.java:49)
[01:57:39] [Thread-11/WARN]: 	at CoreProtect-22.4.jar//net.coreprotect.consumer.process.EntityKillProcess.process(EntityKillProcess.java:24)
[01:57:39] [Thread-11/WARN]: 	at CoreProtect-22.4.jar//net.coreprotect.consumer.process.Process.processConsumer(Process.java:205)
[01:57:39] [Thread-11/WARN]: 	at CoreProtect-22.4.jar//net.coreprotect.consumer.Consumer.run(Consumer.java:133)
[01:57:39] [Thread-11/WARN]: 	at java.base/java.lang.Thread.run(Unknown Source)
[01:57:39] [Thread-11/WARN]: java.lang.NullPointerException: Cannot invoke "java.sql.ResultSet.next()" because "resultSet" is null
[01:57:39] [Thread-11/WARN]: 	at CoreProtect-22.4.jar//net.coreprotect.database.logger.EntityKillLogger.log(EntityKillLogger.java:51)
[01:57:39] [Thread-11/WARN]: 	at CoreProtect-22.4.jar//net.coreprotect.consumer.process.EntityKillProcess.process(EntityKillProcess.java:24)
[01:57:39] [Thread-11/WARN]: 	at CoreProtect-22.4.jar//net.coreprotect.consumer.process.Process.processConsumer(Process.java:205)
[01:57:39] [Thread-11/WARN]: 	at CoreProtect-22.4.jar//net.coreprotect.consumer.Consumer.run(Consumer.java:133)
[01:57:39] [Thread-11/WARN]: 	at java.base/java.lang.Thread.run(Unknown Source)
[01:59:06] [Server thread/INFO]: Named entity WitherSkeleton['Skeletal Knight'/16829, uuid='00686b7f-8f52-4550-8770-9749175ebffe', l='ServerLevel[world]', x=26.50, y=-5.00, z=30.50, cpos=[1, 1], tl=391, v=true] died: Skeletal Knight suffocated in a wall
[01:59:06] [Thread-11/WARN]: java.io.NotSerializableException: org.bukkit.craftbukkit.attribute.CraftAttribute
[01:59:06] [Thread-11/WARN]: 	at java.base/java.io.ObjectOutputStream.writeObject0(Unknown Source)
[01:59:06] [Thread-11/WARN]: 	at java.base/java.io.ObjectOutputStream.writeObject(Unknown Source)
[01:59:06] [Thread-11/WARN]: 	at java.base/java.util.ArrayList.writeObject(Unknown Source)
[01:59:06] [Thread-11/WARN]: 	at java.base/jdk.internal.reflect.DirectMethodHandleAccessor.invoke(Unknown Source)
[01:59:06] [Thread-11/WARN]: 	at java.base/java.lang.reflect.Method.invoke(Unknown Source)
[01:59:06] [Thread-11/WARN]: 	at java.base/java.io.ObjectStreamClass.invokeWriteObject(Unknown Source)
[01:59:06] [Thread-11/WARN]: 	at java.base/java.io.ObjectOutputStream.writeSerialData(Unknown Source)
[01:59:06] [Thread-11/WARN]: 	at java.base/java.io.ObjectOutputStream.writeOrdinaryObject(Unknown Source)
[01:59:06] [Thread-11/WARN]: 	at java.base/java.io.ObjectOutputStream.writeObject0(Unknown Source)
[01:59:06] [Thread-11/WARN]: 	at java.base/java.io.ObjectOutputStream.writeObject(Unknown Source)
[01:59:06] [Thread-11/WARN]: 	at java.base/java.util.ArrayList.writeObject(Unknown Source)
[01:59:06] [Thread-11/WARN]: 	at java.base/jdk.internal.reflect.DirectMethodHandleAccessor.invoke(Unknown Source)
[01:59:06] [Thread-11/WARN]: 	at java.base/java.lang.reflect.Method.invoke(Unknown Source)
[01:59:06] [Thread-11/WARN]: 	at java.base/java.io.ObjectStreamClass.invokeWriteObject(Unknown Source)
[01:59:06] [Thread-11/WARN]: 	at java.base/java.io.ObjectOutputStream.writeSerialData(Unknown Source)
[01:59:06] [Thread-11/WARN]: 	at java.base/java.io.ObjectOutputStream.writeOrdinaryObject(Unknown Source)
[01:59:06] [Thread-11/WARN]: 	at java.base/java.io.ObjectOutputStream.writeObject0(Unknown Source)
[01:59:06] [Thread-11/WARN]: 	at java.base/java.io.ObjectOutputStream.writeObject(Unknown Source)
[01:59:06] [Thread-11/WARN]: 	at java.base/java.util.ArrayList.writeObject(Unknown Source)
[01:59:06] [Thread-11/WARN]: 	at java.base/jdk.internal.reflect.DirectMethodHandleAccessor.invoke(Unknown Source)
[01:59:06] [Thread-11/WARN]: 	at java.base/java.lang.reflect.Method.invoke(Unknown Source)
[01:59:06] [Thread-11/WARN]: 	at java.base/java.io.ObjectStreamClass.invokeWriteObject(Unknown Source)
[01:59:06] [Thread-11/WARN]: 	at java.base/java.io.ObjectOutputStream.writeSerialData(Unknown Source)
[01:59:06] [Thread-11/WARN]: 	at java.base/java.io.ObjectOutputStream.writeOrdinaryObject(Unknown Source)
[01:59:06] [Thread-11/WARN]: 	at java.base/java.io.ObjectOutputStream.writeObject0(Unknown Source)
[01:59:06] [Thread-11/WARN]: 	at java.base/java.io.ObjectOutputStream.writeObject(Unknown Source)
[01:59:06] [Thread-11/WARN]: 	at CoreProtect-22.4.jar//net.coreprotect.database.statement.EntityStatement.insert(EntityStatement.java:27)
[01:59:06] [Thread-11/WARN]: 	at CoreProtect-22.4.jar//net.coreprotect.database.logger.EntityKillLogger.log(EntityKillLogger.java:49)
[01:59:06] [Thread-11/WARN]: 	at CoreProtect-22.4.jar//net.coreprotect.consumer.process.EntityKillProcess.process(EntityKillProcess.java:24)
[01:59:06] [Thread-11/WARN]: 	at CoreProtect-22.4.jar//net.coreprotect.consumer.process.Process.processConsumer(Process.java:205)
[01:59:06] [Thread-11/WARN]: 	at CoreProtect-22.4.jar//net.coreprotect.consumer.Consumer.run(Consumer.java:133)
[01:59:06] [Thread-11/WARN]: 	at java.base/java.lang.Thread.run(Unknown Source)
[01:59:06] [Thread-11/WARN]: java.lang.NullPointerException: Cannot invoke "java.sql.ResultSet.next()" because "resultSet" is null
[01:59:06] [Thread-11/WARN]: 	at CoreProtect-22.4.jar//net.coreprotect.database.logger.EntityKillLogger.log(EntityKillLogger.java:51)
[01:59:06] [Thread-11/WARN]: 	at CoreProtect-22.4.jar//net.coreprotect.consumer.process.EntityKillProcess.process(EntityKillProcess.java:24)
[01:59:06] [Thread-11/WARN]: 	at CoreProtect-22.4.jar//net.coreprotect.consumer.process.Process.processConsumer(Process.java:205)
[01:59:06] [Thread-11/WARN]: 	at CoreProtect-22.4.jar//net.coreprotect.consumer.Consumer.run(Consumer.java:133)
[01:59:06] [Thread-11/WARN]: 	at java.base/java.lang.Thread.run(Unknown Source)
[02:10:35] [Thread-11/WARN]: java.io.NotSerializableException: org.bukkit.craftbukkit.attribute.CraftAttribute
[02:10:35] [Thread-11/WARN]: 	at java.base/java.io.ObjectOutputStream.writeObject0(Unknown Source)
[02:10:35] [Thread-11/WARN]: 	at java.base/java.io.ObjectOutputStream.writeObject(Unknown Source)
[02:10:35] [Thread-11/WARN]: 	at java.base/java.util.ArrayList.writeObject(Unknown Source)
[02:10:35] [Thread-11/WARN]: 	at java.base/jdk.internal.reflect.DirectMethodHandleAccessor.invoke(Unknown Source)
[02:10:35] [Thread-11/WARN]: 	at java.base/java.lang.reflect.Method.invoke(Unknown Source)
[02:10:35] [Thread-11/WARN]: 	at java.base/java.io.ObjectStreamClass.invokeWriteObject(Unknown Source)
[02:10:35] [Thread-11/WARN]: 	at java.base/java.io.ObjectOutputStream.writeSerialData(Unknown Source)
[02:10:35] [Thread-11/WARN]: 	at java.base/java.io.ObjectOutputStream.writeOrdinaryObject(Unknown Source)
[02:10:35] [Thread-11/WARN]: 	at java.base/java.io.ObjectOutputStream.writeObject0(Unknown Source)
[02:10:35] [Thread-11/WARN]: 	at java.base/java.io.ObjectOutputStream.writeObject(Unknown Source)
[02:10:35] [Thread-11/WARN]: 	at java.base/java.util.ArrayList.writeObject(Unknown Source)
[02:10:35] [Thread-11/WARN]: 	at java.base/jdk.internal.reflect.DirectMethodHandleAccessor.invoke(Unknown Source)
[02:10:35] [Thread-11/WARN]: 	at java.base/java.lang.reflect.Method.invoke(Unknown Source)
[02:10:35] [Thread-11/WARN]: 	at java.base/java.io.ObjectStreamClass.invokeWriteObject(Unknown Source)
[02:10:35] [Thread-11/WARN]: 	at java.base/java.io.ObjectOutputStream.writeSerialData(Unknown Source)
[02:10:35] [Thread-11/WARN]: 	at java.base/java.io.ObjectOutputStream.writeOrdinaryObject(Unknown Source)
[02:10:35] [Thread-11/WARN]: 	at java.base/java.io.ObjectOutputStream.writeObject0(Unknown Source)
[02:10:35] [Thread-11/WARN]: 	at java.base/java.io.ObjectOutputStream.writeObject(Unknown Source)
[02:10:35] [Thread-11/WARN]: 	at java.base/java.util.ArrayList.writeObject(Unknown Source)
[02:10:35] [Thread-11/WARN]: 	at java.base/jdk.internal.reflect.DirectMethodHandleAccessor.invoke(Unknown Source)
[02:10:35] [Thread-11/WARN]: 	at java.base/java.lang.reflect.Method.invoke(Unknown Source)
[02:10:35] [Thread-11/WARN]: 	at java.base/java.io.ObjectStreamClass.invokeWriteObject(Unknown Source)
[02:10:35] [Thread-11/WARN]: 	at java.base/java.io.ObjectOutputStream.writeSerialData(Unknown Source)
[02:10:35] [Thread-11/WARN]: 	at java.base/java.io.ObjectOutputStream.writeOrdinaryObject(Unknown Source)
[02:10:35] [Thread-11/WARN]: 	at java.base/java.io.ObjectOutputStream.writeObject0(Unknown Source)
[02:10:35] [Thread-11/WARN]: 	at java.base/java.io.ObjectOutputStream.writeObject(Unknown Source)
[02:10:35] [Thread-11/WARN]: 	at CoreProtect-22.4.jar//net.coreprotect.database.statement.EntityStatement.insert(EntityStatement.java:27)
[02:10:35] [Thread-11/WARN]: 	at CoreProtect-22.4.jar//net.coreprotect.database.logger.EntityKillLogger.log(EntityKillLogger.java:49)
[02:10:35] [Thread-11/WARN]: 	at CoreProtect-22.4.jar//net.coreprotect.consumer.process.EntityKillProcess.process(EntityKillProcess.java:24)
[02:10:35] [Thread-11/WARN]: 	at CoreProtect-22.4.jar//net.coreprotect.consumer.process.Process.processConsumer(Process.java:205)
[02:10:35] [Thread-11/WARN]: 	at CoreProtect-22.4.jar//net.coreprotect.consumer.Consumer.run(Consumer.java:133)
[02:10:35] [Thread-11/WARN]: 	at java.base/java.lang.Thread.run(Unknown Source)
[02:10:35] [Thread-11/WARN]: java.lang.NullPointerException: Cannot invoke "java.sql.ResultSet.next()" because "resultSet" is null
[02:10:35] [Thread-11/WARN]: 	at CoreProtect-22.4.jar//net.coreprotect.database.logger.EntityKillLogger.log(EntityKillLogger.java:51)
[02:10:35] [Thread-11/WARN]: 	at CoreProtect-22.4.jar//net.coreprotect.consumer.process.EntityKillProcess.process(EntityKillProcess.java:24)
[02:10:35] [Thread-11/WARN]: 	at CoreProtect-22.4.jar//net.coreprotect.consumer.process.Process.processConsumer(Process.java:205)
[02:10:35] [Thread-11/WARN]: 	at CoreProtect-22.4.jar//net.coreprotect.consumer.Consumer.run(Consumer.java:133)
[02:10:35] [Thread-11/WARN]: 	at java.base/java.lang.Thread.run(Unknown Source)
[02:16:18] [Thread-11/WARN]: java.io.NotSerializableException: org.bukkit.craftbukkit.attribute.CraftAttribute
[02:16:18] [Thread-11/WARN]: 	at java.base/java.io.ObjectOutputStream.writeObject0(Unknown Source)
[02:16:18] [Thread-11/WARN]: 	at java.base/java.io.ObjectOutputStream.writeObject(Unknown Source)
[02:16:18] [Thread-11/WARN]: 	at java.base/java.util.ArrayList.writeObject(Unknown Source)
[02:16:18] [Thread-11/WARN]: 	at java.base/jdk.internal.reflect.DirectMethodHandleAccessor.invoke(Unknown Source)
[02:16:18] [Thread-11/WARN]: 	at java.base/java.lang.reflect.Method.invoke(Unknown Source)
[02:16:18] [Thread-11/WARN]: 	at java.base/java.io.ObjectStreamClass.invokeWriteObject(Unknown Source)
[02:16:18] [Thread-11/WARN]: 	at java.base/java.io.ObjectOutputStream.writeSerialData(Unknown Source)
[02:16:18] [Thread-11/WARN]: 	at java.base/java.io.ObjectOutputStream.writeOrdinaryObject(Unknown Source)
[02:16:18] [Thread-11/WARN]: 	at java.base/java.io.ObjectOutputStream.writeObject0(Unknown Source)
[02:16:18] [Thread-11/WARN]: 	at java.base/java.io.ObjectOutputStream.writeObject(Unknown Source)
[02:16:18] [Thread-11/WARN]: 	at java.base/java.util.ArrayList.writeObject(Unknown Source)
[02:16:18] [Thread-11/WARN]: 	at java.base/jdk.internal.reflect.DirectMethodHandleAccessor.invoke(Unknown Source)
[02:16:18] [Thread-11/WARN]: 	at java.base/java.lang.reflect.Method.invoke(Unknown Source)
[02:16:18] [Thread-11/WARN]: 	at java.base/java.io.ObjectStreamClass.invokeWriteObject(Unknown Source)
[02:16:18] [Thread-11/WARN]: 	at java.base/java.io.ObjectOutputStream.writeSerialData(Unknown Source)
[02:16:18] [Thread-11/WARN]: 	at java.base/java.io.ObjectOutputStream.writeOrdinaryObject(Unknown Source)
[02:16:18] [Thread-11/WARN]: 	at java.base/java.io.ObjectOutputStream.writeObject0(Unknown Source)
[02:16:18] [Thread-11/WARN]: 	at java.base/java.io.ObjectOutputStream.writeObject(Unknown Source)
[02:16:18] [Thread-11/WARN]: 	at java.base/java.util.ArrayList.writeObject(Unknown Source)
[02:16:18] [Thread-11/WARN]: 	at java.base/jdk.internal.reflect.DirectMethodHandleAccessor.invoke(Unknown Source)
[02:16:18] [Thread-11/WARN]: 	at java.base/java.lang.reflect.Method.invoke(Unknown Source)
[02:16:18] [Thread-11/WARN]: 	at java.base/java.io.ObjectStreamClass.invokeWriteObject(Unknown Source)
[02:16:18] [Thread-11/WARN]: 	at java.base/java.io.ObjectOutputStream.writeSerialData(Unknown Source)
[02:16:18] [Thread-11/WARN]: 	at java.base/java.io.ObjectOutputStream.writeOrdinaryObject(Unknown Source)
[02:16:18] [Thread-11/WARN]: 	at java.base/java.io.ObjectOutputStream.writeObject0(Unknown Source)
[02:16:18] [Thread-11/WARN]: 	at java.base/java.io.ObjectOutputStream.writeObject(Unknown Source)
[02:16:18] [Thread-11/WARN]: 	at CoreProtect-22.4.jar//net.coreprotect.database.statement.EntityStatement.insert(EntityStatement.java:27)
[02:16:18] [Thread-11/WARN]: 	at CoreProtect-22.4.jar//net.coreprotect.database.logger.EntityKillLogger.log(EntityKillLogger.java:49)
[02:16:18] [Thread-11/WARN]: 	at CoreProtect-22.4.jar//net.coreprotect.consumer.process.EntityKillProcess.process(EntityKillProcess.java:24)
[02:16:18] [Thread-11/WARN]: 	at CoreProtect-22.4.jar//net.coreprotect.consumer.process.Process.processConsumer(Process.java:205)
[02:16:18] [Thread-11/WARN]: 	at CoreProtect-22.4.jar//net.coreprotect.consumer.Consumer.run(Consumer.java:133)
[02:16:18] [Thread-11/WARN]: 	at java.base/java.lang.Thread.run(Unknown Source)
[02:16:18] [Thread-11/WARN]: java.lang.NullPointerException: Cannot invoke "java.sql.ResultSet.next()" because "resultSet" is null
[02:16:18] [Thread-11/WARN]: 	at CoreProtect-22.4.jar//net.coreprotect.database.logger.EntityKillLogger.log(EntityKillLogger.java:51)
[02:16:18] [Thread-11/WARN]: 	at CoreProtect-22.4.jar//net.coreprotect.consumer.process.EntityKillProcess.process(EntityKillProcess.java:24)
[02:16:18] [Thread-11/WARN]: 	at CoreProtect-22.4.jar//net.coreprotect.consumer.process.Process.processConsumer(Process.java:205)
[02:16:18] [Thread-11/WARN]: 	at CoreProtect-22.4.jar//net.coreprotect.consumer.Consumer.run(Consumer.java:133)
[02:16:18] [Thread-11/WARN]: 	at java.base/java.lang.Thread.run(Unknown Source)
[02:20:56] [Server thread/INFO]: Named entity WitherSkeleton['Skeletal Knight'/19298, uuid='9663a9f8-79da-4216-b543-55baeca5bd33', l='ServerLevel[world]', x=2.50, y=-16.00, z=-6.50, cpos=[0, -1], tl=391, v=true] died: Skeletal Knight suffocated in a wall
[02:20:56] [Thread-11/WARN]: java.io.NotSerializableException: org.bukkit.craftbukkit.attribute.CraftAttribute
[02:20:56] [Thread-11/WARN]: 	at java.base/java.io.ObjectOutputStream.writeObject0(Unknown Source)
[02:20:56] [Thread-11/WARN]: 	at java.base/java.io.ObjectOutputStream.writeObject(Unknown Source)
[02:20:56] [Thread-11/WARN]: 	at java.base/java.util.ArrayList.writeObject(Unknown Source)
[02:20:56] [Thread-11/WARN]: 	at java.base/jdk.internal.reflect.DirectMethodHandleAccessor.invoke(Unknown Source)
[02:20:56] [Thread-11/WARN]: 	at java.base/java.lang.reflect.Method.invoke(Unknown Source)
[02:20:56] [Thread-11/WARN]: 	at java.base/java.io.ObjectStreamClass.invokeWriteObject(Unknown Source)
[02:20:56] [Thread-11/WARN]: 	at java.base/java.io.ObjectOutputStream.writeSerialData(Unknown Source)
[02:20:56] [Thread-11/WARN]: 	at java.base/java.io.ObjectOutputStream.writeOrdinaryObject(Unknown Source)
[02:20:56] [Thread-11/WARN]: 	at java.base/java.io.ObjectOutputStream.writeObject0(Unknown Source)
[02:20:56] [Thread-11/WARN]: 	at java.base/java.io.ObjectOutputStream.writeObject(Unknown Source)
[02:20:56] [Thread-11/WARN]: 	at java.base/java.util.ArrayList.writeObject(Unknown Source)
[02:20:56] [Thread-11/WARN]: 	at java.base/jdk.internal.reflect.DirectMethodHandleAccessor.invoke(Unknown Source)
[02:20:56] [Thread-11/WARN]: 	at java.base/java.lang.reflect.Method.invoke(Unknown Source)
[02:20:56] [Thread-11/WARN]: 	at java.base/java.io.ObjectStreamClass.invokeWriteObject(Unknown Source)
[02:20:56] [Thread-11/WARN]: 	at java.base/java.io.ObjectOutputStream.writeSerialData(Unknown Source)
[02:20:56] [Thread-11/WARN]: 	at java.base/java.io.ObjectOutputStream.writeOrdinaryObject(Unknown Source)
[02:20:56] [Thread-11/WARN]: 	at java.base/java.io.ObjectOutputStream.writeObject0(Unknown Source)
[02:20:56] [Thread-11/WARN]: 	at java.base/java.io.ObjectOutputStream.writeObject(Unknown Source)
[02:20:56] [Thread-11/WARN]: 	at java.base/java.util.ArrayList.writeObject(Unknown Source)
[02:20:56] [Thread-11/WARN]: 	at java.base/jdk.internal.reflect.DirectMethodHandleAccessor.invoke(Unknown Source)
[02:20:56] [Thread-11/WARN]: 	at java.base/java.lang.reflect.Method.invoke(Unknown Source)
[02:20:56] [Thread-11/WARN]: 	at java.base/java.io.ObjectStreamClass.invokeWriteObject(Unknown Source)
[02:20:56] [Thread-11/WARN]: 	at java.base/java.io.ObjectOutputStream.writeSerialData(Unknown Source)
[02:20:56] [Thread-11/WARN]: 	at java.base/java.io.ObjectOutputStream.writeOrdinaryObject(Unknown Source)
[02:20:56] [Thread-11/WARN]: 	at java.base/java.io.ObjectOutputStream.writeObject0(Unknown Source)
[02:20:56] [Thread-11/WARN]: 	at java.base/java.io.ObjectOutputStream.writeObject(Unknown Source)
[02:20:56] [Thread-11/WARN]: 	at CoreProtect-22.4.jar//net.coreprotect.database.statement.EntityStatement.insert(EntityStatement.java:27)
[02:20:56] [Thread-11/WARN]: 	at CoreProtect-22.4.jar//net.coreprotect.database.logger.EntityKillLogger.log(EntityKillLogger.java:49)
[02:20:56] [Thread-11/WARN]: 	at CoreProtect-22.4.jar//net.coreprotect.consumer.process.EntityKillProcess.process(EntityKillProcess.java:24)
[02:20:56] [Thread-11/WARN]: 	at CoreProtect-22.4.jar//net.coreprotect.consumer.process.Process.processConsumer(Process.java:205)
[02:20:56] [Thread-11/WARN]: 	at CoreProtect-22.4.jar//net.coreprotect.consumer.Consumer.run(Consumer.java:133)
[02:20:56] [Thread-11/WARN]: 	at java.base/java.lang.Thread.run(Unknown Source)
[02:20:56] [Thread-11/WARN]: java.lang.NullPointerException: Cannot invoke "java.sql.ResultSet.next()" because "resultSet" is null
[02:20:56] [Thread-11/WARN]: 	at CoreProtect-22.4.jar//net.coreprotect.database.logger.EntityKillLogger.log(EntityKillLogger.java:51)
[02:20:56] [Thread-11/WARN]: 	at CoreProtect-22.4.jar//net.coreprotect.consumer.process.EntityKillProcess.process(EntityKillProcess.java:24)
[02:20:56] [Thread-11/WARN]: 	at CoreProtect-22.4.jar//net.coreprotect.consumer.process.Process.processConsumer(Process.java:205)
[02:20:56] [Thread-11/WARN]: 	at CoreProtect-22.4.jar//net.coreprotect.consumer.Consumer.run(Consumer.java:133)
[02:20:56] [Thread-11/WARN]: 	at java.base/java.lang.Thread.run(Unknown Source)
[02:27:10] [Thread-11/WARN]: java.io.NotSerializableException: org.bukkit.craftbukkit.attribute.CraftAttribute
[02:27:10] [Thread-11/WARN]: 	at java.base/java.io.ObjectOutputStream.writeObject0(Unknown Source)
[02:27:10] [Thread-11/WARN]: 	at java.base/java.io.ObjectOutputStream.writeObject(Unknown Source)
[02:27:10] [Thread-11/WARN]: 	at java.base/java.util.ArrayList.writeObject(Unknown Source)
[02:27:10] [Thread-11/WARN]: 	at java.base/jdk.internal.reflect.DirectMethodHandleAccessor.invoke(Unknown Source)
[02:27:10] [Thread-11/WARN]: 	at java.base/java.lang.reflect.Method.invoke(Unknown Source)
[02:27:10] [Thread-11/WARN]: 	at java.base/java.io.ObjectStreamClass.invokeWriteObject(Unknown Source)
[02:27:10] [Thread-11/WARN]: 	at java.base/java.io.ObjectOutputStream.writeSerialData(Unknown Source)
[02:27:10] [Thread-11/WARN]: 	at java.base/java.io.ObjectOutputStream.writeOrdinaryObject(Unknown Source)
[02:27:10] [Thread-11/WARN]: 	at java.base/java.io.ObjectOutputStream.writeObject0(Unknown Source)
[02:27:10] [Thread-11/WARN]: 	at java.base/java.io.ObjectOutputStream.writeObject(Unknown Source)
[02:27:10] [Thread-11/WARN]: 	at java.base/java.util.ArrayList.writeObject(Unknown Source)
[02:27:10] [Thread-11/WARN]: 	at java.base/jdk.internal.reflect.DirectMethodHandleAccessor.invoke(Unknown Source)
[02:27:10] [Thread-11/WARN]: 	at java.base/java.lang.reflect.Method.invoke(Unknown Source)
[02:27:10] [Thread-11/WARN]: 	at java.base/java.io.ObjectStreamClass.invokeWriteObject(Unknown Source)
[02:27:10] [Thread-11/WARN]: 	at java.base/java.io.ObjectOutputStream.writeSerialData(Unknown Source)
[02:27:10] [Thread-11/WARN]: 	at java.base/java.io.ObjectOutputStream.writeOrdinaryObject(Unknown Source)
[02:27:10] [Thread-11/WARN]: 	at java.base/java.io.ObjectOutputStream.writeObject0(Unknown Source)
[02:27:10] [Thread-11/WARN]: 	at java.base/java.io.ObjectOutputStream.writeObject(Unknown Source)
[02:27:10] [Thread-11/WARN]: 	at java.base/java.util.ArrayList.writeObject(Unknown Source)
[02:27:10] [Thread-11/WARN]: 	at java.base/jdk.internal.reflect.DirectMethodHandleAccessor.invoke(Unknown Source)
[02:27:10] [Thread-11/WARN]: 	at java.base/java.lang.reflect.Method.invoke(Unknown Source)
[02:27:10] [Thread-11/WARN]: 	at java.base/java.io.ObjectStreamClass.invokeWriteObject(Unknown Source)
[02:27:10] [Thread-11/WARN]: 	at java.base/java.io.ObjectOutputStream.writeSerialData(Unknown Source)
[02:27:10] [Thread-11/WARN]: 	at java.base/java.io.ObjectOutputStream.writeOrdinaryObject(Unknown Source)
[02:27:10] [Thread-11/WARN]: 	at java.base/java.io.ObjectOutputStream.writeObject0(Unknown Source)
[02:27:10] [Thread-11/WARN]: 	at java.base/java.io.ObjectOutputStream.writeObject(Unknown Source)
[02:27:10] [Thread-11/WARN]: 	at CoreProtect-22.4.jar//net.coreprotect.database.statement.EntityStatement.insert(EntityStatement.java:27)
[02:27:10] [Thread-11/WARN]: 	at CoreProtect-22.4.jar//net.coreprotect.database.logger.EntityKillLogger.log(EntityKillLogger.java:49)
[02:27:10] [Thread-11/WARN]: 	at CoreProtect-22.4.jar//net.coreprotect.consumer.process.EntityKillProcess.process(EntityKillProcess.java:24)
[02:27:10] [Thread-11/WARN]: 	at CoreProtect-22.4.jar//net.coreprotect.consumer.process.Process.processConsumer(Process.java:205)
[02:27:10] [Thread-11/WARN]: 	at CoreProtect-22.4.jar//net.coreprotect.consumer.Consumer.run(Consumer.java:133)
[02:27:10] [Thread-11/WARN]: 	at java.base/java.lang.Thread.run(Unknown Source)
[02:27:10] [Thread-11/WARN]: java.lang.NullPointerException: Cannot invoke "java.sql.ResultSet.next()" because "resultSet" is null
[02:27:10] [Thread-11/WARN]: 	at CoreProtect-22.4.jar//net.coreprotect.database.logger.EntityKillLogger.log(EntityKillLogger.java:51)
[02:27:10] [Thread-11/WARN]: 	at CoreProtect-22.4.jar//net.coreprotect.consumer.process.EntityKillProcess.process(EntityKillProcess.java:24)
[02:27:10] [Thread-11/WARN]: 	at CoreProtect-22.4.jar//net.coreprotect.consumer.process.Process.processConsumer(Process.java:205)
[02:27:10] [Thread-11/WARN]: 	at CoreProtect-22.4.jar//net.coreprotect.consumer.Consumer.run(Consumer.java:133)
[02:27:10] [Thread-11/WARN]: 	at java.base/java.lang.Thread.run(Unknown Source)
[02:30:15] [Thread-11/WARN]: java.io.NotSerializableException: org.bukkit.craftbukkit.attribute.CraftAttribute
[02:30:15] [Thread-11/WARN]: 	at java.base/java.io.ObjectOutputStream.writeObject0(Unknown Source)
[02:30:15] [Thread-11/WARN]: 	at java.base/java.io.ObjectOutputStream.writeObject(Unknown Source)
[02:30:15] [Thread-11/WARN]: 	at java.base/java.util.ArrayList.writeObject(Unknown Source)
[02:30:15] [Thread-11/WARN]: 	at java.base/jdk.internal.reflect.DirectMethodHandleAccessor.invoke(Unknown Source)
[02:30:15] [Thread-11/WARN]: 	at java.base/java.lang.reflect.Method.invoke(Unknown Source)
[02:30:15] [Thread-11/WARN]: 	at java.base/java.io.ObjectStreamClass.invokeWriteObject(Unknown Source)
[02:30:15] [Thread-11/WARN]: 	at java.base/java.io.ObjectOutputStream.writeSerialData(Unknown Source)
[02:30:15] [Thread-11/WARN]: 	at java.base/java.io.ObjectOutputStream.writeOrdinaryObject(Unknown Source)
[02:30:15] [Thread-11/WARN]: 	at java.base/java.io.ObjectOutputStream.writeObject0(Unknown Source)
[02:30:15] [Thread-11/WARN]: 	at java.base/java.io.ObjectOutputStream.writeObject(Unknown Source)
[02:30:15] [Thread-11/WARN]: 	at java.base/java.util.ArrayList.writeObject(Unknown Source)
[02:30:15] [Thread-11/WARN]: 	at java.base/jdk.internal.reflect.DirectMethodHandleAccessor.invoke(Unknown Source)
[02:30:15] [Thread-11/WARN]: 	at java.base/java.lang.reflect.Method.invoke(Unknown Source)
[02:30:15] [Thread-11/WARN]: 	at java.base/java.io.ObjectStreamClass.invokeWriteObject(Unknown Source)
[02:30:15] [Thread-11/WARN]: 	at java.base/java.io.ObjectOutputStream.writeSerialData(Unknown Source)
[02:30:15] [Thread-11/WARN]: 	at java.base/java.io.ObjectOutputStream.writeOrdinaryObject(Unknown Source)
[02:30:15] [Thread-11/WARN]: 	at java.base/java.io.ObjectOutputStream.writeObject0(Unknown Source)
[02:30:15] [Thread-11/WARN]: 	at java.base/java.io.ObjectOutputStream.writeObject(Unknown Source)
[02:30:15] [Thread-11/WARN]: 	at java.base/java.util.ArrayList.writeObject(Unknown Source)
[02:30:15] [Thread-11/WARN]: 	at java.base/jdk.internal.reflect.DirectMethodHandleAccessor.invoke(Unknown Source)
[02:30:15] [Thread-11/WARN]: 	at java.base/java.lang.reflect.Method.invoke(Unknown Source)
[02:30:15] [Thread-11/WARN]: 	at java.base/java.io.ObjectStreamClass.invokeWriteObject(Unknown Source)
[02:30:15] [Thread-11/WARN]: 	at java.base/java.io.ObjectOutputStream.writeSerialData(Unknown Source)
[02:30:15] [Thread-11/WARN]: 	at java.base/java.io.ObjectOutputStream.writeOrdinaryObject(Unknown Source)
[02:30:15] [Thread-11/WARN]: 	at java.base/java.io.ObjectOutputStream.writeObject0(Unknown Source)
[02:30:15] [Thread-11/WARN]: 	at java.base/java.io.ObjectOutputStream.writeObject(Unknown Source)
[02:30:15] [Thread-11/WARN]: 	at CoreProtect-22.4.jar//net.coreprotect.database.statement.EntityStatement.insert(EntityStatement.java:27)
[02:30:15] [Thread-11/WARN]: 	at CoreProtect-22.4.jar//net.coreprotect.database.logger.EntityKillLogger.log(EntityKillLogger.java:49)
[02:30:15] [Thread-11/WARN]: 	at CoreProtect-22.4.jar//net.coreprotect.consumer.process.EntityKillProcess.process(EntityKillProcess.java:24)
[02:30:15] [Thread-11/WARN]: 	at CoreProtect-22.4.jar//net.coreprotect.consumer.process.Process.processConsumer(Process.java:205)
[02:30:15] [Thread-11/WARN]: 	at CoreProtect-22.4.jar//net.coreprotect.consumer.Consumer.run(Consumer.java:133)
[02:30:15] [Thread-11/WARN]: 	at java.base/java.lang.Thread.run(Unknown Source)
[02:30:15] [Thread-11/WARN]: java.lang.NullPointerException: Cannot invoke "java.sql.ResultSet.next()" because "resultSet" is null
[02:30:15] [Thread-11/WARN]: 	at CoreProtect-22.4.jar//net.coreprotect.database.logger.EntityKillLogger.log(EntityKillLogger.java:51)
[02:30:15] [Thread-11/WARN]: 	at CoreProtect-22.4.jar//net.coreprotect.consumer.process.EntityKillProcess.process(EntityKillProcess.java:24)
[02:30:15] [Thread-11/WARN]: 	at CoreProtect-22.4.jar//net.coreprotect.consumer.process.Process.processConsumer(Process.java:205)
[02:30:15] [Thread-11/WARN]: 	at CoreProtect-22.4.jar//net.coreprotect.consumer.Consumer.run(Consumer.java:133)
[02:30:15] [Thread-11/WARN]: 	at java.base/java.lang.Thread.run(Unknown Source)
[02:33:53] [Thread-11/WARN]: java.io.NotSerializableException: org.bukkit.craftbukkit.attribute.CraftAttribute
[02:33:53] [Thread-11/WARN]: 	at java.base/java.io.ObjectOutputStream.writeObject0(Unknown Source)
[02:33:53] [Thread-11/WARN]: 	at java.base/java.io.ObjectOutputStream.writeObject(Unknown Source)
[02:33:53] [Thread-11/WARN]: 	at java.base/java.util.ArrayList.writeObject(Unknown Source)
[02:33:53] [Thread-11/WARN]: 	at java.base/jdk.internal.reflect.DirectMethodHandleAccessor.invoke(Unknown Source)
[02:33:53] [Thread-11/WARN]: 	at java.base/java.lang.reflect.Method.invoke(Unknown Source)
[02:33:53] [Thread-11/WARN]: 	at java.base/java.io.ObjectStreamClass.invokeWriteObject(Unknown Source)
[02:33:53] [Thread-11/WARN]: 	at java.base/java.io.ObjectOutputStream.writeSerialData(Unknown Source)
[02:33:53] [Thread-11/WARN]: 	at java.base/java.io.ObjectOutputStream.writeOrdinaryObject(Unknown Source)
[02:33:53] [Thread-11/WARN]: 	at java.base/java.io.ObjectOutputStream.writeObject0(Unknown Source)
[02:33:53] [Thread-11/WARN]: 	at java.base/java.io.ObjectOutputStream.writeObject(Unknown Source)
[02:33:53] [Thread-11/WARN]: 	at java.base/java.util.ArrayList.writeObject(Unknown Source)
[02:33:53] [Thread-11/WARN]: 	at java.base/jdk.internal.reflect.DirectMethodHandleAccessor.invoke(Unknown Source)
[02:33:53] [Thread-11/WARN]: 	at java.base/java.lang.reflect.Method.invoke(Unknown Source)
[02:33:53] [Thread-11/WARN]: 	at java.base/java.io.ObjectStreamClass.invokeWriteObject(Unknown Source)
[02:33:53] [Thread-11/WARN]: 	at java.base/java.io.ObjectOutputStream.writeSerialData(Unknown Source)
[02:33:53] [Thread-11/WARN]: 	at java.base/java.io.ObjectOutputStream.writeOrdinaryObject(Unknown Source)
[02:33:53] [Thread-11/WARN]: 	at java.base/java.io.ObjectOutputStream.writeObject0(Unknown Source)
[02:33:53] [Thread-11/WARN]: 	at java.base/java.io.ObjectOutputStream.writeObject(Unknown Source)
[02:33:53] [Thread-11/WARN]: 	at java.base/java.util.ArrayList.writeObject(Unknown Source)
[02:33:53] [Thread-11/WARN]: 	at java.base/jdk.internal.reflect.DirectMethodHandleAccessor.invoke(Unknown Source)
[02:33:53] [Thread-11/WARN]: 	at java.base/java.lang.reflect.Method.invoke(Unknown Source)
[02:33:53] [Thread-11/WARN]: 	at java.base/java.io.ObjectStreamClass.invokeWriteObject(Unknown Source)
[02:33:53] [Thread-11/WARN]: 	at java.base/java.io.ObjectOutputStream.writeSerialData(Unknown Source)
[02:33:53] [Thread-11/WARN]: 	at java.base/java.io.ObjectOutputStream.writeOrdinaryObject(Unknown Source)
[02:33:53] [Thread-11/WARN]: 	at java.base/java.io.ObjectOutputStream.writeObject0(Unknown Source)
[02:33:53] [Thread-11/WARN]: 	at java.base/java.io.ObjectOutputStream.writeObject(Unknown Source)
[02:33:53] [Thread-11/WARN]: 	at CoreProtect-22.4.jar//net.coreprotect.database.statement.EntityStatement.insert(EntityStatement.java:27)
[02:33:53] [Thread-11/WARN]: 	at CoreProtect-22.4.jar//net.coreprotect.database.logger.EntityKillLogger.log(EntityKillLogger.java:49)
[02:33:53] [Thread-11/WARN]: 	at CoreProtect-22.4.jar//net.coreprotect.consumer.process.EntityKillProcess.process(EntityKillProcess.java:24)
[02:33:53] [Thread-11/WARN]: 	at CoreProtect-22.4.jar//net.coreprotect.consumer.process.Process.processConsumer(Process.java:205)
[02:33:53] [Thread-11/WARN]: 	at CoreProtect-22.4.jar//net.coreprotect.consumer.Consumer.run(Consumer.java:133)
[02:33:53] [Thread-11/WARN]: 	at java.base/java.lang.Thread.run(Unknown Source)
[02:33:53] [Thread-11/WARN]: java.lang.NullPointerException: Cannot invoke "java.sql.ResultSet.next()" because "resultSet" is null
[02:33:53] [Thread-11/WARN]: 	at CoreProtect-22.4.jar//net.coreprotect.database.logger.EntityKillLogger.log(EntityKillLogger.java:51)
[02:33:53] [Thread-11/WARN]: 	at CoreProtect-22.4.jar//net.coreprotect.consumer.process.EntityKillProcess.process(EntityKillProcess.java:24)
[02:33:53] [Thread-11/WARN]: 	at CoreProtect-22.4.jar//net.coreprotect.consumer.process.Process.processConsumer(Process.java:205)
[02:33:53] [Thread-11/WARN]: 	at CoreProtect-22.4.jar//net.coreprotect.consumer.Consumer.run(Consumer.java:133)
[02:33:53] [Thread-11/WARN]: 	at java.base/java.lang.Thread.run(Unknown Source)
[02:39:44] [Thread-11/WARN]: java.io.NotSerializableException: org.bukkit.craftbukkit.attribute.CraftAttribute
[02:39:44] [Thread-11/WARN]: 	at java.base/java.io.ObjectOutputStream.writeObject0(Unknown Source)
[02:39:44] [Thread-11/WARN]: 	at java.base/java.io.ObjectOutputStream.writeObject(Unknown Source)
[02:39:44] [Thread-11/WARN]: 	at java.base/java.util.ArrayList.writeObject(Unknown Source)
[02:39:44] [Thread-11/WARN]: 	at java.base/jdk.internal.reflect.DirectMethodHandleAccessor.invoke(Unknown Source)
[02:39:44] [Thread-11/WARN]: 	at java.base/java.lang.reflect.Method.invoke(Unknown Source)
[02:39:44] [Thread-11/WARN]: 	at java.base/java.io.ObjectStreamClass.invokeWriteObject(Unknown Source)
[02:39:44] [Thread-11/WARN]: 	at java.base/java.io.ObjectOutputStream.writeSerialData(Unknown Source)
[02:39:44] [Thread-11/WARN]: 	at java.base/java.io.ObjectOutputStream.writeOrdinaryObject(Unknown Source)
[02:39:44] [Thread-11/WARN]: 	at java.base/java.io.ObjectOutputStream.writeObject0(Unknown Source)
[02:39:44] [Thread-11/WARN]: 	at java.base/java.io.ObjectOutputStream.writeObject(Unknown Source)
[02:39:44] [Thread-11/WARN]: 	at java.base/java.util.ArrayList.writeObject(Unknown Source)
[02:39:44] [Thread-11/WARN]: 	at java.base/jdk.internal.reflect.DirectMethodHandleAccessor.invoke(Unknown Source)
[02:39:44] [Thread-11/WARN]: 	at java.base/java.lang.reflect.Method.invoke(Unknown Source)
[02:39:44] [Thread-11/WARN]: 	at java.base/java.io.ObjectStreamClass.invokeWriteObject(Unknown Source)
[02:39:44] [Thread-11/WARN]: 	at java.base/java.io.ObjectOutputStream.writeSerialData(Unknown Source)
[02:39:44] [Thread-11/WARN]: 	at java.base/java.io.ObjectOutputStream.writeOrdinaryObject(Unknown Source)
[02:39:44] [Thread-11/WARN]: 	at java.base/java.io.ObjectOutputStream.writeObject0(Unknown Source)
[02:39:44] [Thread-11/WARN]: 	at java.base/java.io.ObjectOutputStream.writeObject(Unknown Source)
[02:39:44] [Thread-11/WARN]: 	at java.base/java.util.ArrayList.writeObject(Unknown Source)
[02:39:44] [Thread-11/WARN]: 	at java.base/jdk.internal.reflect.DirectMethodHandleAccessor.invoke(Unknown Source)
[02:39:44] [Thread-11/WARN]: 	at java.base/java.lang.reflect.Method.invoke(Unknown Source)
[02:39:44] [Thread-11/WARN]: 	at java.base/java.io.ObjectStreamClass.invokeWriteObject(Unknown Source)
[02:39:44] [Thread-11/WARN]: 	at java.base/java.io.ObjectOutputStream.writeSerialData(Unknown Source)
[02:39:44] [Thread-11/WARN]: 	at java.base/java.io.ObjectOutputStream.writeOrdinaryObject(Unknown Source)
[02:39:44] [Thread-11/WARN]: 	at java.base/java.io.ObjectOutputStream.writeObject0(Unknown Source)
[02:39:44] [Thread-11/WARN]: 	at java.base/java.io.ObjectOutputStream.writeObject(Unknown Source)
[02:39:44] [Thread-11/WARN]: 	at CoreProtect-22.4.jar//net.coreprotect.database.statement.EntityStatement.insert(EntityStatement.java:27)
[02:39:44] [Thread-11/WARN]: 	at CoreProtect-22.4.jar//net.coreprotect.database.logger.EntityKillLogger.log(EntityKillLogger.java:49)
[02:39:44] [Thread-11/WARN]: 	at CoreProtect-22.4.jar//net.coreprotect.consumer.process.EntityKillProcess.process(EntityKillProcess.java:24)
[02:39:44] [Thread-11/WARN]: 	at CoreProtect-22.4.jar//net.coreprotect.consumer.process.Process.processConsumer(Process.java:205)
[02:39:44] [Thread-11/WARN]: 	at CoreProtect-22.4.jar//net.coreprotect.consumer.Consumer.run(Consumer.java:133)
[02:39:44] [Thread-11/WARN]: 	at java.base/java.lang.Thread.run(Unknown Source)
[02:39:44] [Thread-11/WARN]: java.lang.NullPointerException: Cannot invoke "java.sql.ResultSet.next()" because "resultSet" is null
[02:39:44] [Thread-11/WARN]: 	at CoreProtect-22.4.jar//net.coreprotect.database.logger.EntityKillLogger.log(EntityKillLogger.java:51)
[02:39:44] [Thread-11/WARN]: 	at CoreProtect-22.4.jar//net.coreprotect.consumer.process.EntityKillProcess.process(EntityKillProcess.java:24)
[02:39:44] [Thread-11/WARN]: 	at CoreProtect-22.4.jar//net.coreprotect.consumer.process.Process.processConsumer(Process.java:205)
[02:39:44] [Thread-11/WARN]: 	at CoreProtect-22.4.jar//net.coreprotect.consumer.Consumer.run(Consumer.java:133)
[02:39:44] [Thread-11/WARN]: 	at java.base/java.lang.Thread.run(Unknown Source)
[02:41:39] [Thread-11/WARN]: java.io.NotSerializableException: org.bukkit.craftbukkit.attribute.CraftAttribute
[02:41:39] [Thread-11/WARN]: 	at java.base/java.io.ObjectOutputStream.writeObject0(Unknown Source)
[02:41:39] [Thread-11/WARN]: 	at java.base/java.io.ObjectOutputStream.writeObject(Unknown Source)
[02:41:39] [Thread-11/WARN]: 	at java.base/java.util.ArrayList.writeObject(Unknown Source)
[02:41:39] [Thread-11/WARN]: 	at java.base/jdk.internal.reflect.DirectMethodHandleAccessor.invoke(Unknown Source)
[02:41:39] [Thread-11/WARN]: 	at java.base/java.lang.reflect.Method.invoke(Unknown Source)
[02:41:39] [Thread-11/WARN]: 	at java.base/java.io.ObjectStreamClass.invokeWriteObject(Unknown Source)
[02:41:39] [Thread-11/WARN]: 	at java.base/java.io.ObjectOutputStream.writeSerialData(Unknown Source)
[02:41:39] [Thread-11/WARN]: 	at java.base/java.io.ObjectOutputStream.writeOrdinaryObject(Unknown Source)
[02:41:39] [Thread-11/WARN]: 	at java.base/java.io.ObjectOutputStream.writeObject0(Unknown Source)
[02:41:39] [Thread-11/WARN]: 	at java.base/java.io.ObjectOutputStream.writeObject(Unknown Source)
[02:41:39] [Thread-11/WARN]: 	at java.base/java.util.ArrayList.writeObject(Unknown Source)
[02:41:39] [Thread-11/WARN]: 	at java.base/jdk.internal.reflect.DirectMethodHandleAccessor.invoke(Unknown Source)
[02:41:39] [Thread-11/WARN]: 	at java.base/java.lang.reflect.Method.invoke(Unknown Source)
[02:41:39] [Thread-11/WARN]: 	at java.base/java.io.ObjectStreamClass.invokeWriteObject(Unknown Source)
[02:41:39] [Thread-11/WARN]: 	at java.base/java.io.ObjectOutputStream.writeSerialData(Unknown Source)
[02:41:39] [Thread-11/WARN]: 	at java.base/java.io.ObjectOutputStream.writeOrdinaryObject(Unknown Source)
[02:41:39] [Thread-11/WARN]: 	at java.base/java.io.ObjectOutputStream.writeObject0(Unknown Source)
[02:41:39] [Thread-11/WARN]: 	at java.base/java.io.ObjectOutputStream.writeObject(Unknown Source)
[02:41:39] [Thread-11/WARN]: 	at java.base/java.util.ArrayList.writeObject(Unknown Source)
[02:41:39] [Thread-11/WARN]: 	at java.base/jdk.internal.reflect.DirectMethodHandleAccessor.invoke(Unknown Source)
[02:41:39] [Thread-11/WARN]: 	at java.base/java.lang.reflect.Method.invoke(Unknown Source)
[02:41:39] [Thread-11/WARN]: 	at java.base/java.io.ObjectStreamClass.invokeWriteObject(Unknown Source)
[02:41:39] [Thread-11/WARN]: 	at java.base/java.io.ObjectOutputStream.writeSerialData(Unknown Source)
[02:41:39] [Thread-11/WARN]: 	at java.base/java.io.ObjectOutputStream.writeOrdinaryObject(Unknown Source)
[02:41:39] [Thread-11/WARN]: 	at java.base/java.io.ObjectOutputStream.writeObject0(Unknown Source)
[02:41:39] [Thread-11/WARN]: 	at java.base/java.io.ObjectOutputStream.writeObject(Unknown Source)
[02:41:39] [Thread-11/WARN]: 	at CoreProtect-22.4.jar//net.coreprotect.database.statement.EntityStatement.insert(EntityStatement.java:27)
[02:41:39] [Thread-11/WARN]: 	at CoreProtect-22.4.jar//net.coreprotect.database.logger.EntityKillLogger.log(EntityKillLogger.java:49)
[02:41:39] [Thread-11/WARN]: 	at CoreProtect-22.4.jar//net.coreprotect.consumer.process.EntityKillProcess.process(EntityKillProcess.java:24)
[02:41:39] [Thread-11/WARN]: 	at CoreProtect-22.4.jar//net.coreprotect.consumer.process.Process.processConsumer(Process.java:205)
[02:41:39] [Thread-11/WARN]: 	at CoreProtect-22.4.jar//net.coreprotect.consumer.Consumer.run(Consumer.java:133)
[02:41:39] [Thread-11/WARN]: 	at java.base/java.lang.Thread.run(Unknown Source)
[02:41:39] [Thread-11/WARN]: java.lang.NullPointerException: Cannot invoke "java.sql.ResultSet.next()" because "resultSet" is null
[02:41:39] [Thread-11/WARN]: 	at CoreProtect-22.4.jar//net.coreprotect.database.logger.EntityKillLogger.log(EntityKillLogger.java:51)
[02:41:39] [Thread-11/WARN]: 	at CoreProtect-22.4.jar//net.coreprotect.consumer.process.EntityKillProcess.process(EntityKillProcess.java:24)
[02:41:39] [Thread-11/WARN]: 	at CoreProtect-22.4.jar//net.coreprotect.consumer.process.Process.processConsumer(Process.java:205)
[02:41:39] [Thread-11/WARN]: 	at CoreProtect-22.4.jar//net.coreprotect.consumer.Consumer.run(Consumer.java:133)
[02:41:39] [Thread-11/WARN]: 	at java.base/java.lang.Thread.run(Unknown Source)
[02:42:56] [Server thread/WARN]: Can't keep up! Is the server overloaded? Running 5961ms or 119 ticks behind
[13:22:06] [Thread-11/WARN]: java.io.NotSerializableException: org.bukkit.craftbukkit.attribute.CraftAttribute
[13:22:06] [Thread-11/WARN]: 	at java.base/java.io.ObjectOutputStream.writeObject0(Unknown Source)
[13:22:06] [Thread-11/WARN]: 	at java.base/java.io.ObjectOutputStream.writeObject(Unknown Source)
[13:22:06] [Thread-11/WARN]: 	at java.base/java.util.ArrayList.writeObject(Unknown Source)
[13:22:06] [Thread-11/WARN]: 	at java.base/jdk.internal.reflect.DirectMethodHandleAccessor.invoke(Unknown Source)
[13:22:06] [Thread-11/WARN]: 	at java.base/java.lang.reflect.Method.invoke(Unknown Source)
[13:22:06] [Thread-11/WARN]: 	at java.base/java.io.ObjectStreamClass.invokeWriteObject(Unknown Source)
[13:22:06] [Thread-11/WARN]: 	at java.base/java.io.ObjectOutputStream.writeSerialData(Unknown Source)
[13:22:06] [Thread-11/WARN]: 	at java.base/java.io.ObjectOutputStream.writeOrdinaryObject(Unknown Source)
[13:22:06] [Thread-11/WARN]: 	at java.base/java.io.ObjectOutputStream.writeObject0(Unknown Source)
[13:22:06] [Thread-11/WARN]: 	at java.base/java.io.ObjectOutputStream.writeObject(Unknown Source)
[13:22:06] [Thread-11/WARN]: 	at java.base/java.util.ArrayList.writeObject(Unknown Source)
[13:22:06] [Thread-11/WARN]: 	at java.base/jdk.internal.reflect.DirectMethodHandleAccessor.invoke(Unknown Source)
[13:22:06] [Thread-11/WARN]: 	at java.base/java.lang.reflect.Method.invoke(Unknown Source)
[13:22:06] [Thread-11/WARN]: 	at java.base/java.io.ObjectStreamClass.invokeWriteObject(Unknown Source)
[13:22:06] [Thread-11/WARN]: 	at java.base/java.io.ObjectOutputStream.writeSerialData(Unknown Source)
[13:22:06] [Thread-11/WARN]: 	at java.base/java.io.ObjectOutputStream.writeOrdinaryObject(Unknown Source)
[13:22:06] [Thread-11/WARN]: 	at java.base/java.io.ObjectOutputStream.writeObject0(Unknown Source)
[13:22:06] [Thread-11/WARN]: 	at java.base/java.io.ObjectOutputStream.writeObject(Unknown Source)
[13:22:06] [Thread-11/WARN]: 	at java.base/java.util.ArrayList.writeObject(Unknown Source)
[13:22:06] [Thread-11/WARN]: 	at java.base/jdk.internal.reflect.DirectMethodHandleAccessor.invoke(Unknown Source)
[13:22:06] [Thread-11/WARN]: 	at java.base/java.lang.reflect.Method.invoke(Unknown Source)
[13:22:06] [Thread-11/WARN]: 	at java.base/java.io.ObjectStreamClass.invokeWriteObject(Unknown Source)
[13:22:06] [Thread-11/WARN]: 	at java.base/java.io.ObjectOutputStream.writeSerialData(Unknown Source)
[13:22:06] [Thread-11/WARN]: 	at java.base/java.io.ObjectOutputStream.writeOrdinaryObject(Unknown Source)
[13:22:06] [Thread-11/WARN]: 	at java.base/java.io.ObjectOutputStream.writeObject0(Unknown Source)
[13:22:06] [Thread-11/WARN]: 	at java.base/java.io.ObjectOutputStream.writeObject(Unknown Source)
[13:22:06] [Thread-11/WARN]: 	at CoreProtect-22.4.jar//net.coreprotect.database.statement.EntityStatement.insert(EntityStatement.java:27)
[13:22:06] [Thread-11/WARN]: 	at CoreProtect-22.4.jar//net.coreprotect.database.logger.EntityKillLogger.log(EntityKillLogger.java:49)
[13:22:06] [Thread-11/WARN]: 	at CoreProtect-22.4.jar//net.coreprotect.consumer.process.EntityKillProcess.process(EntityKillProcess.java:24)
[13:22:06] [Thread-11/WARN]: 	at CoreProtect-22.4.jar//net.coreprotect.consumer.process.Process.processConsumer(Process.java:205)
[13:22:06] [Thread-11/WARN]: 	at CoreProtect-22.4.jar//net.coreprotect.consumer.Consumer.run(Consumer.java:133)
[13:22:06] [Thread-11/WARN]: 	at java.base/java.lang.Thread.run(Unknown Source)
[13:22:06] [Thread-11/WARN]: java.lang.NullPointerException: Cannot invoke "java.sql.ResultSet.next()" because "resultSet" is null
[13:22:06] [Thread-11/WARN]: 	at CoreProtect-22.4.jar//net.coreprotect.database.logger.EntityKillLogger.log(EntityKillLogger.java:51)
[13:22:06] [Thread-11/WARN]: 	at CoreProtect-22.4.jar//net.coreprotect.consumer.process.EntityKillProcess.process(EntityKillProcess.java:24)
[13:22:06] [Thread-11/WARN]: 	at CoreProtect-22.4.jar//net.coreprotect.consumer.process.Process.processConsumer(Process.java:205)
[13:22:06] [Thread-11/WARN]: 	at CoreProtect-22.4.jar//net.coreprotect.consumer.Consumer.run(Consumer.java:133)
[13:22:06] [Thread-11/WARN]: 	at java.base/java.lang.Thread.run(Unknown Source)
[13:24:29] [Thread-11/WARN]: java.io.NotSerializableException: org.bukkit.craftbukkit.attribute.CraftAttribute
[13:24:29] [Thread-11/WARN]: 	at java.base/java.io.ObjectOutputStream.writeObject0(Unknown Source)
[13:24:29] [Thread-11/WARN]: 	at java.base/java.io.ObjectOutputStream.writeObject(Unknown Source)
[13:24:29] [Thread-11/WARN]: 	at java.base/java.util.ArrayList.writeObject(Unknown Source)
[13:24:29] [Thread-11/WARN]: 	at java.base/jdk.internal.reflect.DirectMethodHandleAccessor.invoke(Unknown Source)
[13:24:29] [Thread-11/WARN]: 	at java.base/java.lang.reflect.Method.invoke(Unknown Source)
[13:24:29] [Thread-11/WARN]: 	at java.base/java.io.ObjectStreamClass.invokeWriteObject(Unknown Source)
[13:24:29] [Thread-11/WARN]: 	at java.base/java.io.ObjectOutputStream.writeSerialData(Unknown Source)
[13:24:29] [Thread-11/WARN]: 	at java.base/java.io.ObjectOutputStream.writeOrdinaryObject(Unknown Source)
[13:24:29] [Thread-11/WARN]: 	at java.base/java.io.ObjectOutputStream.writeObject0(Unknown Source)
[13:24:29] [Thread-11/WARN]: 	at java.base/java.io.ObjectOutputStream.writeObject(Unknown Source)
[13:24:29] [Thread-11/WARN]: 	at java.base/java.util.ArrayList.writeObject(Unknown Source)
[13:24:29] [Thread-11/WARN]: 	at java.base/jdk.internal.reflect.DirectMethodHandleAccessor.invoke(Unknown Source)
[13:24:29] [Thread-11/WARN]: 	at java.base/java.lang.reflect.Method.invoke(Unknown Source)
[13:24:29] [Thread-11/WARN]: 	at java.base/java.io.ObjectStreamClass.invokeWriteObject(Unknown Source)
[13:24:29] [Thread-11/WARN]: 	at java.base/java.io.ObjectOutputStream.writeSerialData(Unknown Source)
[13:24:29] [Thread-11/WARN]: 	at java.base/java.io.ObjectOutputStream.writeOrdinaryObject(Unknown Source)
[13:24:29] [Thread-11/WARN]: 	at java.base/java.io.ObjectOutputStream.writeObject0(Unknown Source)
[13:24:29] [Thread-11/WARN]: 	at java.base/java.io.ObjectOutputStream.writeObject(Unknown Source)
[13:24:29] [Thread-11/WARN]: 	at java.base/java.util.ArrayList.writeObject(Unknown Source)
[13:24:29] [Thread-11/WARN]: 	at java.base/jdk.internal.reflect.DirectMethodHandleAccessor.invoke(Unknown Source)
[13:24:29] [Thread-11/WARN]: 	at java.base/java.lang.reflect.Method.invoke(Unknown Source)
[13:24:29] [Thread-11/WARN]: 	at java.base/java.io.ObjectStreamClass.invokeWriteObject(Unknown Source)
[13:24:29] [Thread-11/WARN]: 	at java.base/java.io.ObjectOutputStream.writeSerialData(Unknown Source)
[13:24:29] [Thread-11/WARN]: 	at java.base/java.io.ObjectOutputStream.writeOrdinaryObject(Unknown Source)
[13:24:29] [Thread-11/WARN]: 	at java.base/java.io.ObjectOutputStream.writeObject0(Unknown Source)
[13:24:29] [Thread-11/WARN]: 	at java.base/java.io.ObjectOutputStream.writeObject(Unknown Source)
[13:24:29] [Thread-11/WARN]: 	at CoreProtect-22.4.jar//net.coreprotect.database.statement.EntityStatement.insert(EntityStatement.java:27)
[13:24:29] [Thread-11/WARN]: 	at CoreProtect-22.4.jar//net.coreprotect.database.logger.EntityKillLogger.log(EntityKillLogger.java:49)
[13:24:29] [Thread-11/WARN]: 	at CoreProtect-22.4.jar//net.coreprotect.consumer.process.EntityKillProcess.process(EntityKillProcess.java:24)
[13:24:29] [Thread-11/WARN]: 	at CoreProtect-22.4.jar//net.coreprotect.consumer.process.Process.processConsumer(Process.java:205)
[13:24:29] [Thread-11/WARN]: 	at CoreProtect-22.4.jar//net.coreprotect.consumer.Consumer.run(Consumer.java:133)
[13:24:29] [Thread-11/WARN]: 	at java.base/java.lang.Thread.run(Unknown Source)
[13:24:29] [Thread-11/WARN]: java.lang.NullPointerException: Cannot invoke "java.sql.ResultSet.next()" because "resultSet" is null
[13:24:29] [Thread-11/WARN]: 	at CoreProtect-22.4.jar//net.coreprotect.database.logger.EntityKillLogger.log(EntityKillLogger.java:51)
[13:24:29] [Thread-11/WARN]: 	at CoreProtect-22.4.jar//net.coreprotect.consumer.process.EntityKillProcess.process(EntityKillProcess.java:24)
[13:24:29] [Thread-11/WARN]: 	at CoreProtect-22.4.jar//net.coreprotect.consumer.process.Process.processConsumer(Process.java:205)
[13:24:29] [Thread-11/WARN]: 	at CoreProtect-22.4.jar//net.coreprotect.consumer.Consumer.run(Consumer.java:133)
[13:24:29] [Thread-11/WARN]: 	at java.base/java.lang.Thread.run(Unknown Source)
[13:25:48] [Thread-11/WARN]: java.io.NotSerializableException: org.bukkit.craftbukkit.attribute.CraftAttribute
[13:25:48] [Thread-11/WARN]: 	at java.base/java.io.ObjectOutputStream.writeObject0(Unknown Source)
[13:25:48] [Thread-11/WARN]: 	at java.base/java.io.ObjectOutputStream.writeObject(Unknown Source)
[13:25:48] [Thread-11/WARN]: 	at java.base/java.util.ArrayList.writeObject(Unknown Source)
[13:25:48] [Thread-11/WARN]: 	at java.base/jdk.internal.reflect.DirectMethodHandleAccessor.invoke(Unknown Source)
[13:25:48] [Thread-11/WARN]: 	at java.base/java.lang.reflect.Method.invoke(Unknown Source)
[13:25:48] [Thread-11/WARN]: 	at java.base/java.io.ObjectStreamClass.invokeWriteObject(Unknown Source)
[13:25:48] [Thread-11/WARN]: 	at java.base/java.io.ObjectOutputStream.writeSerialData(Unknown Source)
[13:25:48] [Thread-11/WARN]: 	at java.base/java.io.ObjectOutputStream.writeOrdinaryObject(Unknown Source)
[13:25:48] [Thread-11/WARN]: 	at java.base/java.io.ObjectOutputStream.writeObject0(Unknown Source)
[13:25:48] [Thread-11/WARN]: 	at java.base/java.io.ObjectOutputStream.writeObject(Unknown Source)
[13:25:48] [Thread-11/WARN]: 	at java.base/java.util.ArrayList.writeObject(Unknown Source)
[13:25:48] [Thread-11/WARN]: 	at java.base/jdk.internal.reflect.DirectMethodHandleAccessor.invoke(Unknown Source)
[13:25:48] [Thread-11/WARN]: 	at java.base/java.lang.reflect.Method.invoke(Unknown Source)
[13:25:48] [Thread-11/WARN]: 	at java.base/java.io.ObjectStreamClass.invokeWriteObject(Unknown Source)
[13:25:48] [Thread-11/WARN]: 	at java.base/java.io.ObjectOutputStream.writeSerialData(Unknown Source)
[13:25:48] [Thread-11/WARN]: 	at java.base/java.io.ObjectOutputStream.writeOrdinaryObject(Unknown Source)
[13:25:48] [Thread-11/WARN]: 	at java.base/java.io.ObjectOutputStream.writeObject0(Unknown Source)
[13:25:48] [Thread-11/WARN]: 	at java.base/java.io.ObjectOutputStream.writeObject(Unknown Source)
[13:25:48] [Thread-11/WARN]: 	at java.base/java.util.ArrayList.writeObject(Unknown Source)
[13:25:48] [Thread-11/WARN]: 	at java.base/jdk.internal.reflect.DirectMethodHandleAccessor.invoke(Unknown Source)
[13:25:48] [Thread-11/WARN]: 	at java.base/java.lang.reflect.Method.invoke(Unknown Source)
[13:25:48] [Thread-11/WARN]: 	at java.base/java.io.ObjectStreamClass.invokeWriteObject(Unknown Source)
[13:25:48] [Thread-11/WARN]: 	at java.base/java.io.ObjectOutputStream.writeSerialData(Unknown Source)
[13:25:48] [Thread-11/WARN]: 	at java.base/java.io.ObjectOutputStream.writeOrdinaryObject(Unknown Source)
[13:25:48] [Thread-11/WARN]: 	at java.base/java.io.ObjectOutputStream.writeObject0(Unknown Source)
[13:25:48] [Thread-11/WARN]: 	at java.base/java.io.ObjectOutputStream.writeObject(Unknown Source)
[13:25:48] [Thread-11/WARN]: 	at CoreProtect-22.4.jar//net.coreprotect.database.statement.EntityStatement.insert(EntityStatement.java:27)
[13:25:48] [Thread-11/WARN]: 	at CoreProtect-22.4.jar//net.coreprotect.database.logger.EntityKillLogger.log(EntityKillLogger.java:49)
[13:25:48] [Thread-11/WARN]: 	at CoreProtect-22.4.jar//net.coreprotect.consumer.process.EntityKillProcess.process(EntityKillProcess.java:24)
[13:25:48] [Thread-11/WARN]: 	at CoreProtect-22.4.jar//net.coreprotect.consumer.process.Process.processConsumer(Process.java:205)
[13:25:48] [Thread-11/WARN]: 	at CoreProtect-22.4.jar//net.coreprotect.consumer.Consumer.run(Consumer.java:133)
[13:25:48] [Thread-11/WARN]: 	at java.base/java.lang.Thread.run(Unknown Source)
[13:25:48] [Thread-11/WARN]: java.lang.NullPointerException: Cannot invoke "java.sql.ResultSet.next()" because "resultSet" is null
[13:25:48] [Thread-11/WARN]: 	at CoreProtect-22.4.jar//net.coreprotect.database.logger.EntityKillLogger.log(EntityKillLogger.java:51)
[13:25:48] [Thread-11/WARN]: 	at CoreProtect-22.4.jar//net.coreprotect.consumer.process.EntityKillProcess.process(EntityKillProcess.java:24)
[13:25:48] [Thread-11/WARN]: 	at CoreProtect-22.4.jar//net.coreprotect.consumer.process.Process.processConsumer(Process.java:205)
[13:25:48] [Thread-11/WARN]: 	at CoreProtect-22.4.jar//net.coreprotect.consumer.Consumer.run(Consumer.java:133)
[13:25:48] [Thread-11/WARN]: 	at java.base/java.lang.Thread.run(Unknown Source)
[13:27:15] [Server thread/INFO]: Kamusx_ lost connection: Disconnected
[13:27:15] [Server thread/INFO]: Kamusx_ left the game
